#-----------------------------------------------------------
# xsim v2018.3 (64-bit)
# SW Build 2405991 on Thu Dec  6 23:38:27 MST 2018
# IP Build 2404404 on Fri Dec  7 01:43:56 MST 2018
# Start of session at: Mon Dec 28 10:37:00 2020
# Process ID: 10720
# Current directory: C:/Users/estra/Desktop/proyectos_vivado/VentanaDeslizanteHLS/solution1/sim/verilog
# Command line: xsim.exe -mode tcl -source {xsim.dir/img_filter_hw/xsim_script.tcl}
# Log file: C:/Users/estra/Desktop/proyectos_vivado/VentanaDeslizanteHLS/solution1/sim/verilog/xsim.log
# Journal file: C:/Users/estra/Desktop/proyectos_vivado/VentanaDeslizanteHLS/solution1/sim/verilog\xsim.jou
#-----------------------------------------------------------
source xsim.dir/img_filter_hw/xsim_script.tcl
# xsim {img_filter_hw} -autoloadwcfg -tclbatch {img_filter_hw.tcl}
Vivado Simulator 2018.3
Time resolution is 1 ps
source img_filter_hw.tcl
## run all
////////////////////////////////////////////////////////////////////////////////////
// Inter-Transaction Progress: Completed Transaction / Total Transaction
// Intra-Transaction Progress: Measured Latency / Latency Estimation * 100%
//
// RTL Simulation : "Inter-Transaction Progress" ["Intra-Transaction Progress"] @ "Simulation Time"
////////////////////////////////////////////////////////////////////////////////////
// RTL Simulation : 0 / 1 [0.00%] @ "125000"
// RTL Simulation : 1 / 1 [100.00%] @ "6160135000"
////////////////////////////////////////////////////////////////////////////////////
$finish called at time : 6160175 ns : File "C:/Users/estra/Desktop/proyectos_vivado/VentanaDeslizanteHLS/solution1/sim/verilog/img_filter_hw.autotb.v" Line 360
run: Time (s): cpu = 00:00:00 ; elapsed = 00:00:37 . Memory (MB): peak = 219.016 ; gain = 0.000
## quit
INFO: [Common 17-206] Exiting xsim at Mon Dec 28 10:37:50 2020...
