INFO-FLOW: Workspace C:/Users/estra/Desktop/proyectos_vivado/VentanaDeslizanteHLS/solution1 opened at Sat Nov 28 11:24:09 +0100 2020
Execute     config_clock -quiet -name default -period 10 -default=false 
INFO: [SYN 201-201] Setting up clock 'default' with a period of 10ns.
Execute     open_platform DefaultPlatform 
Execute     import_lib D:/Xilinx/Vivado/2018.3/common/technology/xilinx/zynquplus/zynquplus 
Execute       source D:/Xilinx/Vivado/2018.3/common/technology/xilinx/common/xilinx.lib 
Execute         source D:/Xilinx/Vivado/2018.3/common/technology/xilinx/interface/xilinx_interface.lib 
Execute           source D:/Xilinx/Vivado/2018.3/common/technology/xilinx/interface/plb46.lib 
Execute           source D:/Xilinx/Vivado/2018.3/common/technology/xilinx/interface/fsl.lib 
Execute           source D:/Xilinx/Vivado/2018.3/common/technology/xilinx/interface/axi4.lib 
Execute           source D:/Xilinx/Vivado/2018.3/common/technology/xilinx/interface/maxi.lib 
Execute           source D:/Xilinx/Vivado/2018.3/common/technology/xilinx/interface/saxilite.lib 
Execute         source D:/Xilinx/Vivado/2018.3/common/technology/xilinx/common/dsp48.lib 
Execute         source D:/Xilinx/Vivado/2018.3/common/technology/xilinx/ip/dds_compiler.lib 
Execute         source D:/Xilinx/Vivado/2018.3/common/technology/xilinx/ip/xfft.lib 
Execute         source D:/Xilinx/Vivado/2018.3/common/technology/xilinx/ip/xfir.lib 
Execute       source D:/Xilinx/Vivado/2018.3/common/technology/xilinx/common/xilinx_old.lib 
Execute       source D:/Xilinx/Vivado/2018.3/common/technology/xilinx/common/xilinx_vivado.lib 
Execute       source D:/Xilinx/Vivado/2018.3/common/technology/xilinx/common/xilinx.hlp 
Execute         source D:/Xilinx/Vivado/2018.3/common/technology/xilinx/common/target_info.tcl 
Execute         source D:/Xilinx/Vivado/2018.3/common/technology/xilinx/interface/xilinx_interface.hlp 
Execute           source D:/Xilinx/Vivado/2018.3/common/technology/xilinx/interface/maxi.hlp 
Execute           source D:/Xilinx/Vivado/2018.3/common/technology/xilinx/interface/saxilite.hlp 
Execute         source D:/Xilinx/Vivado/2018.3/common/technology/xilinx/common/dsp48.hlp 
Execute       source D:/Xilinx/Vivado/2018.3/common/technology/xilinx/zynquplus/dsp48e2.hlp 
Execute       get_default_platform 
Execute       config_chip_info -quiet -resource  {SLICE 34260} {LUT 274080}   {FF 548160}  {DSP48E 2520}  {BRAM 1824} {URAM 0}  
Execute       config_chip_info -quiet -speed medium 
Execute       source D:/Xilinx/Vivado/2018.3/common/technology/xilinx/common/xilinx.hlp 
Execute         source D:/Xilinx/Vivado/2018.3/common/technology/xilinx/common/target_info.tcl 
Execute         source D:/Xilinx/Vivado/2018.3/common/technology/xilinx/interface/xilinx_interface.hlp 
Execute           source D:/Xilinx/Vivado/2018.3/common/technology/xilinx/interface/maxi.hlp 
Execute           source D:/Xilinx/Vivado/2018.3/common/technology/xilinx/interface/saxilite.hlp 
Execute         source D:/Xilinx/Vivado/2018.3/common/technology/xilinx/common/dsp48.hlp 
Execute     source D:/Xilinx/Vivado/2018.3/common/technology/xilinx/zynquplus/zynquplus.gen 
Execute       source D:/Xilinx/Vivado/2018.3/common/technology/xilinx/common/virtex.gen 
Execute         source D:/Xilinx/Vivado/2018.3/common/technology/xilinx/common/xilinx.gen 
Execute           source D:/Xilinx/Vivado/2018.3/common/technology/xilinx/interface/plb46.gen 
Execute           source D:/Xilinx/Vivado/2018.3/common/technology/xilinx/interface/fsl.gen 
Execute           source D:/Xilinx/Vivado/2018.3/common/technology/xilinx/interface/axi4.gen 
Execute           source D:/Xilinx/Vivado/2018.3/common/technology/xilinx/interface/nativeAXI4.gen 
Execute             source D:/Xilinx/Vivado/2018.3/common/technology/xilinx/interface/saxilite.gen 
Execute             source D:/Xilinx/Vivado/2018.3/common/technology/xilinx/interface/maxi.gen 
Execute           source D:/Xilinx/Vivado/2018.3/common/technology/xilinx/scripts/xilinxcoregen.gen 
Execute           source D:/Xilinx/Vivado/2018.3/common/technology/xilinx/interface/XilEDKCoreGen.gen 
Execute           source D:/Xilinx/Vivado/2018.3/common/technology/xilinx/ip/dds_compiler.gen 
Execute           source D:/Xilinx/Vivado/2018.3/common/technology/xilinx/ip/util.gen 
Execute           source D:/Xilinx/Vivado/2018.3/common/technology/xilinx/ip/xfft.gen 
Execute           source D:/Xilinx/Vivado/2018.3/common/technology/xilinx/ip/xfir.gen 
Command         ap_source done; 0.117 sec.
Execute         source D:/Xilinx/Vivado/2018.3/common/technology/xilinx/common/dsp48.gen 
Command       ap_source done; 0.12 sec.
Command     ap_source done; 0.12 sec.
Execute     open_platform DefaultPlatform 
Execute     import_lib D:/Xilinx/Vivado/2018.3/common/technology/xilinx/zynquplus/zynquplus_fpv7 
Execute       source D:/Xilinx/Vivado/2018.3/common/technology/xilinx/common/xilinx_fpv7.lib 
Execute         source D:/Xilinx/Vivado/2018.3/common/technology/xilinx/common/xilinx_hp.lib 
Execute       source D:/Xilinx/Vivado/2018.3/common/technology/xilinx/common/xilinx_fpv.hlp 
Execute         source D:/Xilinx/Vivado/2018.3/common/technology/xilinx/common/xilinx.hlp 
Execute           source D:/Xilinx/Vivado/2018.3/common/technology/xilinx/common/target_info.tcl 
Execute           source D:/Xilinx/Vivado/2018.3/common/technology/xilinx/interface/xilinx_interface.hlp 
Execute             source D:/Xilinx/Vivado/2018.3/common/technology/xilinx/interface/maxi.hlp 
Execute             source D:/Xilinx/Vivado/2018.3/common/technology/xilinx/interface/saxilite.hlp 
Execute           source D:/Xilinx/Vivado/2018.3/common/technology/xilinx/common/dsp48.hlp 
Execute       source D:/Xilinx/Vivado/2018.3/common/technology/xilinx/zynquplus/zynquplus_hp.hlp 
Execute     source D:/Xilinx/Vivado/2018.3/common/technology/xilinx/zynquplus/zynquplus_fpv7.gen 
Execute       source D:/Xilinx/Vivado/2018.3/common/technology/xilinx/common/xilinx_fpv6.gen 
Execute     set_part xczu3eg-sbva484-1-e 
Execute       add_library xilinx/zynquplus/zynquplus:xczu3eg:-sbva484:-1-e 
Execute         get_default_platform 
Execute         license_isbetapart xczu3eg 
Command         license_isbetapart done; error code: 1; 
Execute         get_default_platform 
Execute         config_chip_info -quiet -resource  {SLICE 8820}  {LUT 70560}    {FF 141120}  {DSP48E 360}   {BRAM 432}  {URAM 0}  
Execute         config_chip_info -quiet -speed slow 
Execute       add_library xilinx/zynquplus/zynquplus_fpv7 
Execute         get_default_platform 
INFO: [HLS 200-10] Setting target device to 'xczu3eg-sbva484-1-e'
Execute       get_default_platform 
Execute     get_default_platform 
Execute     config_chip_info -quiet -resource  {SLICE 8820}  {LUT 70560}    {FF 141120}  {DSP48E 360}   {BRAM 432}  {URAM 0}  
Execute     config_chip_info -quiet -speed slow 
Command   open_solution done; 0.244 sec.
Execute   set_part xczu3eg-sbva484-1-e -tool vivado 
Execute     add_library xilinx/zynquplus/zynquplus:xczu3eg:-sbva484:-1-e 
Execute       get_default_platform 
Execute       license_isbetapart xczu3eg 
Command       license_isbetapart done; error code: 1; 
Execute       get_default_platform 
Execute       config_chip_info -quiet -resource  {SLICE 8820}  {LUT 70560}    {FF 141120}  {DSP48E 360}   {BRAM 432}  {URAM 0}  
Execute       config_chip_info -quiet -speed slow 
Execute     add_library xilinx/zynquplus/zynquplus_fpv7 
Execute       get_default_platform 
Execute     get_default_platform 
Execute   create_clock -period 10 -name default 
Execute     config_clock -quiet -name default -period 10 -default=false 
INFO: [SYN 201-201] Setting up clock 'default' with a period of 10ns.
Execute   csynth_design 
Execute     get_config_compile -effort 
Execute     get_config_compile -enable_clang39 
Execute     get_config_compile -g 
Execute     get_config_compile -lm 
Execute     get_config_compile -ng 
Execute     get_config_compile -opt_fp 
Execute     get_config_compile -skip_cdt 
Execute     get_config_compile -skip_syncheck 
Execute     get_config_compile -skip_transform 
Execute     config_compile -blackbox  
Command     config_compile done; 0.649 sec.
Execute     get_config_compile -keep_printf 
Execute     elaborate -effort=medium -skip_syncheck=0 -keep_printf=0 -lm=0 -skip_cdt=0 -skip_transform=0 -ng=0 -g=0 -opt_fp=0 -from_csynth_design=1 
Execute       get_config_schedule -relax_ii_for_timing 
INFO: [SCHED 204-61] Option 'relax_ii_for_timing' is enabled, will increase II to preserve clock frequency constraints.
Execute       get_config_schedule -suppress_dependence_error_break 
WARNING: [HLS 200-40] Skipped source file 'image.bmp'. Source files must have extensions .c, .C, .cc, .cpp, .c++, .cp, or .cxx.
WARNING: [HLS 200-40] Skipped source file 'castillo.bmp'. Source files must have extensions .c, .C, .cc, .cpp, .c++, .cp, or .cxx.
WARNING: [HLS 200-40] Skipped source file 'car.bmp'. Source files must have extensions .c, .C, .cc, .cpp, .c++, .cp, or .cxx.
INFO: [HLS 200-10] Analyzing design file 'filtro_imagen/top.cpp' ... 
INFO-FLOW: Compiling one TU...
Execute       is_m_axi_addr64 
INFO-FLOW: Handling filtro_imagen/top.cpp as C++
Execute       get_default_platform 
Execute       is_encrypted filtro_imagen/top.cpp 
Execute       get_default_platform 
INFO-FLOW: Running: GCC PP
INFO-FLOW: Source preprocessing
Execute       clang  -fno-limit-debug-info -gcc-toolchain "D:/Xilinx/Vivado/2018.3/msys" -hls  -fno-exceptions  -D__llvm__  -E "filtro_imagen/top.cpp"     -fno-math-errno -c -emit-llvm -O0  -mllvm -disable-llvm-optzns -fno-threadsafe-statics  -fno-use-cxa-atexit  -fno-threadsafe-statics -fno-use-cxa-atexit -D__CLANG_3_1__ -D__cdecl= -DAESL_SYN -D__SYNTHESIS__ -D__HLS_SYN__ -I "D:/Xilinx/Vivado/2018.3/common/technology/autopilot" -I "D:/Xilinx/Vivado/2018.3/common/technology/autopilot/ap_sysc" -include etc/autopilot_ssdm_op.h -D__DSP48E2__  -o "C:/Users/estra/Desktop/proyectos_vivado/VentanaDeslizanteHLS/solution1/.autopilot/db/top.pp.0.cpp" 
INFO-FLOW: exec D:/Xilinx/Vivado/2018.3/win64/tools/clang/bin/clang -fno-limit-debug-info -gcc-toolchain D:/Xilinx/Vivado/2018.3/msys -hls -fno-exceptions -D__llvm__ -E filtro_imagen/top.cpp -fno-math-errno -c -emit-llvm -O0 -mllvm -disable-llvm-optzns -fno-threadsafe-statics -fno-use-cxa-atexit -fno-threadsafe-statics -fno-use-cxa-atexit -D__CLANG_3_1__ -D__cdecl= -DAESL_SYN -D__SYNTHESIS__ -D__HLS_SYN__ -I D:/Xilinx/Vivado/2018.3/common/technology/autopilot -I D:/Xilinx/Vivado/2018.3/common/technology/autopilot/ap_sysc -include etc/autopilot_ssdm_op.h -D__DSP48E2__ -o C:/Users/estra/Desktop/proyectos_vivado/VentanaDeslizanteHLS/solution1/.autopilot/db/top.pp.0.cpp
Command       clang done; 2.905 sec.
Execute       tidy_31 xilinx-xfmat-array-geometry C:/Users/estra/Desktop/proyectos_vivado/VentanaDeslizanteHLS/solution1/.autopilot/db/top.pp.0.cpp std=gnu++98 
INFO-FLOW: exec D:/Xilinx/Vivado/2018.3/win64/tools/clang-3.9-csynth/bin/tidy-3.1 -header-filter=.* -checks=-*,xilinx-xfmat-array-geometry -quiet -fix C:/Users/estra/Desktop/proyectos_vivado/VentanaDeslizanteHLS/solution1/.autopilot/db/top.pp.0.cpp -- -std=gnu++98 -fhls -ferror-limit=0
Command       tidy_31 done; 1.431 sec.
INFO-FLOW: Syntax Checking before pre-processing...
Execute       clang -syntaxcheck -src C:/Users/estra/Desktop/proyectos_vivado/VentanaDeslizanteHLS/solution1/.autopilot/db/top.pp.0.cpp  -fno-limit-debug-info -gcc-toolchain "D:/Xilinx/Vivado/2018.3/msys" -hls    -fno-math-errno -c -emit-llvm -O0  -mllvm -disable-llvm-optzns -fno-threadsafe-statics  -fno-use-cxa-atexit  -fno-threadsafe-statics -fno-use-cxa-atexit -D__CLANG_3_1__ -D__cdecl= -DAESL_SYN -D__SYNTHESIS__ -D__HLS_SYN__ -I "D:/Xilinx/Vivado/2018.3/common/technology/autopilot" -I "D:/Xilinx/Vivado/2018.3/common/technology/autopilot/ap_sysc" -include etc/autopilot_ssdm_op.h -D__DSP48E2__  "C:/Users/estra/Desktop/proyectos_vivado/VentanaDeslizanteHLS/solution1/.autopilot/db/top.pp.0.cpp"  -o "C:/Users/estra/Desktop/proyectos_vivado/VentanaDeslizanteHLS/solution1/.autopilot/db/useless.bc"  
INFO-FLOW: exec D:/Xilinx/Vivado/2018.3/win64/tools/clang/bin/clang -fno-limit-debug-info -gcc-toolchain D:/Xilinx/Vivado/2018.3/msys -hls -fno-math-errno -c -emit-llvm -O0 -mllvm -disable-llvm-optzns -fno-threadsafe-statics -fno-use-cxa-atexit -fno-threadsafe-statics -fno-use-cxa-atexit -D__CLANG_3_1__ -D__cdecl= -DAESL_SYN -D__SYNTHESIS__ -D__HLS_SYN__ -I D:/Xilinx/Vivado/2018.3/common/technology/autopilot -I D:/Xilinx/Vivado/2018.3/common/technology/autopilot/ap_sysc -include etc/autopilot_ssdm_op.h -D__DSP48E2__ C:/Users/estra/Desktop/proyectos_vivado/VentanaDeslizanteHLS/solution1/.autopilot/db/top.pp.0.cpp -o C:/Users/estra/Desktop/proyectos_vivado/VentanaDeslizanteHLS/solution1/.autopilot/db/useless.bc
Command       clang done; 2.955 sec.
INFO-FLOW: Done: GCC PP time: 7.3 seconds per iteration
Execute       list_core -type functional_unit 
Execute       tidy_31 xilinx-systemc-detector C:/Users/estra/Desktop/proyectos_vivado/VentanaDeslizanteHLS/solution1/.autopilot/db/top.pp.0.cpp std=gnu++98 -directive=C:/Users/estra/Desktop/proyectos_vivado/VentanaDeslizanteHLS/solution1/.autopilot/db/.systemc_flag 
INFO-FLOW: exec D:/Xilinx/Vivado/2018.3/win64/tools/clang-3.9-csynth/bin/tidy-3.1 -header-filter=.* -checks=-*,xilinx-systemc-detector -import-directive=C:/Users/estra/Desktop/proyectos_vivado/VentanaDeslizanteHLS/solution1/.autopilot/db/.systemc_flag -quiet -fix-errors C:/Users/estra/Desktop/proyectos_vivado/VentanaDeslizanteHLS/solution1/.autopilot/db/top.pp.0.cpp -- -std=gnu++98 -fhls -ferror-limit=0
Command       tidy_31 done; 0.653 sec.
INFO-FLOW: Running: tidy-3.1 CDT preprocess
Execute       tidy_31 xilinx-directive2pragma C:/Users/estra/Desktop/proyectos_vivado/VentanaDeslizanteHLS/solution1/.autopilot/db/top.pp.0.cpp std=gnu++98 -directive=C:/Users/estra/Desktop/proyectos_vivado/VentanaDeslizanteHLS/solution1/.autopilot/db/all.directive.json 
INFO-FLOW: exec D:/Xilinx/Vivado/2018.3/win64/tools/clang-3.9-csynth/bin/tidy-3.1 -header-filter=.* -checks=-*,xilinx-directive2pragma -import-directive=C:/Users/estra/Desktop/proyectos_vivado/VentanaDeslizanteHLS/solution1/.autopilot/db/all.directive.json -quiet -fix-errors C:/Users/estra/Desktop/proyectos_vivado/VentanaDeslizanteHLS/solution1/.autopilot/db/top.pp.0.cpp -- -std=gnu++98 -fhls -ferror-limit=0
Command       tidy_31 done; 0.623 sec.
Execute       get_config_dataflow -strict_mode 
Execute       ap_eval exec -ignorestderr D:/Xilinx/Vivado/2018.3/win64/tools/clang-3.9-csynth/bin/xilinx-dataflow-lawyer -export-fixes=C:/Users/estra/Desktop/proyectos_vivado/VentanaDeslizanteHLS/solution1/.autopilot/db/xilinx-dataflow-lawyer.top.pp.0.cpp.diag.yml C:/Users/estra/Desktop/proyectos_vivado/VentanaDeslizanteHLS/solution1/.autopilot/db/top.pp.0.cpp -- -std=gnu++98 -fhls -ferror-limit=0 -fstrict-dataflow > C:/Users/estra/Desktop/proyectos_vivado/VentanaDeslizanteHLS/solution1/.autopilot/db/xilinx-dataflow-lawyer.top.pp.0.cpp.out.log 2> C:/Users/estra/Desktop/proyectos_vivado/VentanaDeslizanteHLS/solution1/.autopilot/db/xilinx-dataflow-lawyer.top.pp.0.cpp.err.log 
Command       ap_eval done; 0.986 sec.
Execute       tidy_31 -errorcheck xilinx-constantarray-param,xilinx-resource-pragma-transformer,xilinx-xfmat-array-geometry C:/Users/estra/Desktop/proyectos_vivado/VentanaDeslizanteHLS/solution1/.autopilot/db/top.pp.0.cpp std=gnu++98 
Execute         ap_eval exec -ignorestderr D:/Xilinx/Vivado/2018.3/win64/tools/clang-3.9-csynth/bin/tidy-3.1 -export-fixes=C:/Users/estra/Desktop/proyectos_vivado/VentanaDeslizanteHLS/solution1/.autopilot/db/tidy-3.1.top.pp.0.cpp.diag.yml -header-filter=.* -checks=-*,xilinx-constantarray-param,xilinx-resource-pragma-transformer,xilinx-xfmat-array-geometry -quiet -fix-errors C:/Users/estra/Desktop/proyectos_vivado/VentanaDeslizanteHLS/solution1/.autopilot/db/top.pp.0.cpp -- -std=gnu++98 -fhls -ferror-limit=0 > C:/Users/estra/Desktop/proyectos_vivado/VentanaDeslizanteHLS/solution1/.autopilot/db/tidy-3.1.top.pp.0.cpp.out.log 2> C:/Users/estra/Desktop/proyectos_vivado/VentanaDeslizanteHLS/solution1/.autopilot/db/tidy-3.1.top.pp.0.cpp.err.log 
Command         ap_eval done; 0.897 sec.
Execute         ap_eval exec -ignorestderr D:/Xilinx/Vivado/2018.3/win64/tools/clang-3.9-csynth/bin/xilinx-legacy-rewriter C:/Users/estra/Desktop/proyectos_vivado/VentanaDeslizanteHLS/solution1/.autopilot/db/top.pp.0.cpp -- -std=gnu++98 -fhls -ferror-limit=0 > C:/Users/estra/Desktop/proyectos_vivado/VentanaDeslizanteHLS/solution1/.autopilot/db/xilinx-legacy-rewriter.top.pp.0.cpp.out.log 2> C:/Users/estra/Desktop/proyectos_vivado/VentanaDeslizanteHLS/solution1/.autopilot/db/xilinx-legacy-rewriter.top.pp.0.cpp.err.log 
Command         ap_eval done; 0.913 sec.
Command       tidy_31 done; 1.834 sec.
INFO-FLOW: Done: tidy-3.1 CDT preprocess time: 3.4 seconds per iteration
INFO-FLOW: Pragma Handling...
Execute       tidy_31 xilinx-ssdm-intrinsics-arguments C:/Users/estra/Desktop/proyectos_vivado/VentanaDeslizanteHLS/solution1/.autopilot/db/top.pragma.1.cpp std=gnu++98 
INFO-FLOW: exec D:/Xilinx/Vivado/2018.3/win64/tools/clang-3.9-csynth/bin/tidy-3.1 -header-filter=.* -checks=-*,xilinx-ssdm-intrinsics-arguments -quiet -fix-errors C:/Users/estra/Desktop/proyectos_vivado/VentanaDeslizanteHLS/solution1/.autopilot/db/top.pragma.1.cpp -- -std=gnu++98 -fhls -ferror-limit=0
Command       tidy_31 done; 0.837 sec.
Execute       get_default_platform 
INFO-FLOW: Processing labels
Execute       clang -src C:/Users/estra/Desktop/proyectos_vivado/VentanaDeslizanteHLS/solution1/.autopilot/db/top.pragma.2.cpp  -fno-limit-debug-info -gcc-toolchain D:/Xilinx/Vivado/2018.3/msys -hls -hls-analyze-label -hls-analyze-pragma -fno-exceptions  -D__llvm__  -w  "C:/Users/estra/Desktop/proyectos_vivado/VentanaDeslizanteHLS/solution1/.autopilot/db/top.pragma.2.cpp"    -fno-math-errno -c -emit-llvm -O0  -mllvm -disable-llvm-optzns -fno-threadsafe-statics  -fno-use-cxa-atexit -DAESL_SYN -D__SYNTHESIS__ -D__HLS_SYN__ -I "D:/Xilinx/Vivado/2018.3/common/technology/autopilot" -I "D:/Xilinx/Vivado/2018.3/common/technology/autopilot/ap_sysc" -include etc/autopilot_ssdm_op.h -D__DSP48E2__ -g -o "C:/Users/estra/Desktop/proyectos_vivado/VentanaDeslizanteHLS/solution1/.autopilot/db/top.bc" 
INFO-FLOW: exec D:/Xilinx/Vivado/2018.3/win64/tools/clang/bin/clang -fno-limit-debug-info -gcc-toolchain D:/Xilinx/Vivado/2018.3/msys -hls -hls-analyze-label -hls-analyze-pragma -fno-exceptions -D__llvm__ -w C:/Users/estra/Desktop/proyectos_vivado/VentanaDeslizanteHLS/solution1/.autopilot/db/top.pragma.2.cpp -fno-math-errno -c -emit-llvm -O0 -mllvm -disable-llvm-optzns -fno-threadsafe-statics -fno-use-cxa-atexit -DAESL_SYN -D__SYNTHESIS__ -D__HLS_SYN__ -I D:/Xilinx/Vivado/2018.3/common/technology/autopilot -I D:/Xilinx/Vivado/2018.3/common/technology/autopilot/ap_sysc -include etc/autopilot_ssdm_op.h -D__DSP48E2__ -g -o C:/Users/estra/Desktop/proyectos_vivado/VentanaDeslizanteHLS/solution1/.autopilot/db/top.bc
Command       clang done; 2.941 sec.
INFO-FLOW: Linking Debug ...
Execute       llvm-ld C:/Users/estra/Desktop/proyectos_vivado/VentanaDeslizanteHLS/solution1/.autopilot/db/top.g.bc -hls-opt -except-internalize img_filter -LD:/Xilinx/Vivado/2018.3/win64/lib -lhlsm -lhlsmc++ -o C:/Users/estra/Desktop/proyectos_vivado/VentanaDeslizanteHLS/solution1/.autopilot/db/a.g 
Command       llvm-ld done; 5.876 sec.
INFO: [HLS 200-111] Finished Linking Time (s): cpu = 00:00:01 ; elapsed = 00:00:23 . Memory (MB): peak = 103.867 ; gain = 19.105
INFO: [HLS 200-111] Finished Checking Pragmas Time (s): cpu = 00:00:01 ; elapsed = 00:00:23 . Memory (MB): peak = 103.867 ; gain = 19.105
Execute       get_config_sdx -target 
Execute       opt_and_import_c a -opt_level=2 -skip_syncheck=0 -ng=0 -keep_printf=0 
Execute         cleanup_all_models 
INFO: [HLS 200-10] Starting code transformations ...
Execute         transform -promote-dbg-pointer C:/Users/estra/Desktop/proyectos_vivado/VentanaDeslizanteHLS/solution1/.autopilot/db/a.pp.bc -o C:/Users/estra/Desktop/proyectos_vivado/VentanaDeslizanteHLS/solution1/.autopilot/db/a.pp.0.bc -f 
Command         transform done; 0.37 sec.
Execute         llvm-ld C:/Users/estra/Desktop/proyectos_vivado/VentanaDeslizanteHLS/solution1/.autopilot/db/a.pp.0.bc -disable-opt -LD:/Xilinx/Vivado/2018.3/win64/lib -lfloatconversion -o C:/Users/estra/Desktop/proyectos_vivado/VentanaDeslizanteHLS/solution1/.autopilot/db/a.g.0 
Command         llvm-ld done; 0.685 sec.
INFO-FLOW: Running Standard Transforms...
Execute         transform -hls -share-std-xform -demangle-name -inline-byval-memcpy -always-inline -promote-dbg-pointer -interface-preproc -mem2reg -lower-blackbox -scalarrepl -mem2reg -keep-read-access -instcombine -dce -promote-dbg-pointer -bitop-raise -loop-simplify -indvarspre -indvars -loop-simplify -xunroll -constprop -instcombine -simplifycfg -indvars -simplifycfg -dce -globaldce -basicaa -simplifycfg -mem2reg -globalopt -global-constprop -deadargelim -instcombine -simplifycfg -prune-eh -simplifycfg -scalarrepl -instcombine -reassociate -licm -simplifycfg -loop-simplify -indvars -instcombine -simplifycfg -mem2reg -loop-simplify -indvars -instcombine -gvn -gvn -instcombine -adce -break-crit-edges -simplifycfg -loop-delete -global-array-opt -dce -dse -adce -find-syn-modules -top img_filter -deadargelim -mem2reg -instcombine -dce -presyn-prepare -auto-rom-infer -interface-preproc -syn-check -check-rec-only -find-region -simplifycfg -func-extr -function-inline -globaldce -mem2reg -instcombine -dce -gvn -globaldce -adce -adse -constprop -instcombine -bit-constprop -instcombine -dce -simplifycfg -bitop-raise -simplifycfg -dce -loop-delete -reassociate -globalopt -global-privatize -mem2reg -dce -global-constprop -pointer-simplify -constprop -dce -func-inst -deadargelim -auto-shift-reg-idiom -promote-dbg-pointer -norm-name C:/Users/estra/Desktop/proyectos_vivado/VentanaDeslizanteHLS/solution1/.autopilot/db/a.g.0.bc -o C:/Users/estra/Desktop/proyectos_vivado/VentanaDeslizanteHLS/solution1/.autopilot/db/a.g.1.bc -f -phase std-opt 
INFO: [XFORM 203-603] Inlining function 'push_stream' into 'img_filter'.
Command         transform done; 0.264 sec.
INFO: [HLS 200-111] Finished Standard Transforms Time (s): cpu = 00:00:02 ; elapsed = 00:00:24 . Memory (MB): peak = 150.375 ; gain = 65.613
INFO: [HLS 200-10] Checking synthesizability ...
INFO-FLOW: Checking Synthesizability 1/2..
Execute         transform -hls -syn-check -check-rec-only -disaggr -scalarrepl -norm-name -dce -mem2reg -instcombine -function-uniquify -directive-preproc -mem2reg -dse -dce -auto-rom-infer -dce -pag -array-normalize -instcombine -dce -warn-fifo-pointer -array-seg-normalize -instcombine -dce -array-flatten -instcombine -dce -array-burst -dce -deadargelim -promote-global-argument -simplifycfg -mem2reg -globaldce -resolve-double-ptr -dce -deadargelim -dce -instcombine -function-inline -globaldce -dce -doublePtrSimplify -doublePtrElim -dce -doublePtrSimplify -promote-dbg-pointer -dce -scalarrepl -dse -adse -instcombine -ptrLegalization -simplifycfg -dce -instcombine -pointer-simplify -ptrArgReplace -dce -instcombine -disaggr -scalarrepl -norm-name -dce -mem2reg -instcombine -ptrLegalization -simplifycfg -deadargelim -instcombine -dce -inst-simplify -function-uniquify -directive-preproc -mem2reg -dse -dce -globaldce -check-dspbuiltin C:/Users/estra/Desktop/proyectos_vivado/VentanaDeslizanteHLS/solution1/.autopilot/db/a.g.1.bc -o C:/Users/estra/Desktop/proyectos_vivado/VentanaDeslizanteHLS/solution1/.autopilot/db/a.g.2.prechk.bc -f 
Command         transform done; 0.188 sec.
INFO-FLOW: Checking Synthesizability 2/2..
Execute         transform -syn-check C:/Users/estra/Desktop/proyectos_vivado/VentanaDeslizanteHLS/solution1/.autopilot/db/a.g.2.prechk.bc -o C:/Users/estra/Desktop/proyectos_vivado/VentanaDeslizanteHLS/solution1/.autopilot/db/a.g.2.bc -f -phase syn-check 
Command         transform done; 0.138 sec.
INFO: [HLS 200-111] Finished Checking Synthesizability Time (s): cpu = 00:00:02 ; elapsed = 00:00:25 . Memory (MB): peak = 185.621 ; gain = 100.859
INFO-FLOW: Compiler optimizing ...
INFO-FLOW: Share syncheck's 1.bc for syn flow: copy C:/Users/estra/Desktop/proyectos_vivado/VentanaDeslizanteHLS/solution1/.autopilot/db/a.g.1.bc to C:/Users/estra/Desktop/proyectos_vivado/VentanaDeslizanteHLS/solution1/.autopilot/db/a.o.1.bc
INFO-FLOW: Presyn 1...
Execute         transform -hls -tmp C:/Users/estra/Desktop/proyectos_vivado/VentanaDeslizanteHLS/solution1/.autopilot/db -interface-port-rename -type-info -function-uniquify -directive-preproc -mem2reg -dse -dce -disaggr -scalarrepl -norm-name -deadargelim -mem2reg -instcombine -dce -simplifycfg -auto-rom-infer -dce -function-uniquify -resource-proc -simplifycfg -mem2reg -globaldce -resolve-double-ptr -dce -deadargelim -dce -instcombine -clib-intrinsic-prepare -dce -func-buffer -dce -pag -array-normalize -func-legal -instcombine -gvn -constprop -dce -ptrArgReplace -mem2reg -instcombine -dce -array-seg-normalize -deadargelim -instcombine -dce -pointer-simplify -dce -port-alignment -dce -interface-preproc -data-pack -instcombine -dce -basicaa -aggr-aa -aggrmodref-aa -aggr-aa -gvn -gvn -basicaa -aggr-aa -aggrmodref-aa -aggr-aa -dse -adse -adce -loop-simplify -indvars -instcombine -gvn -loop-simplify -mem2reg -dce -find-region -instcombine -auto-loop-pipeline -inst-simplify -interface-preproc -cfgopt -instcombine -indvars -auto-loop-unroll -loop-simplify -loop-bound -xunroll -constprop -instcombine -simplifycfg -indvars -simplifycfg -dce -globaldce -clean-region -attach-range -gvn -inst-simplify -constprop -simplifycfg -dce -pointer-simplify -dce -globalopt -constprop -dce -array-promote -constprop -instcombine -dce -ptrArgReplace -mem2reg -instcombine -simplifycfg -dce -auto-par -instcombine -dce -array-transform-check -array-reshape -instcombine -simplifycfg -dce -ptrArgReplace -deadargelim -mem2reg -instcombine -simplifycfg -dce -indvars -loop-simplify -loop-bound -xunroll -constprop -instcombine -simplifycfg -indvars -simplifycfg -dce -globaldce -basicaa -aggr-aa -aggrmodref-aa -aggr-aa -dse -duplicate-dataflow-processes -globaldce -instcombine -array-partition -instcombine -simplifycfg -dce -ptrArgReplace -global-constprop -deadargelim -mem2reg -func-legal -instcombine -dce -global-constprop -deadargelim -mem2reg -instcombine -simplifycfg -dce -merge-param -deadargelim -globalopt -constprop -dce -array-promote -constprop -instcombine -dce -ptrArgReplace -mem2reg -instcombine -simplifycfg -dce -mem-intrinsic-preproc -dce -global-internalize -global-privatize -mem2reg -globaldce -promote-global-argument -ptrArgReplace -mem2reg -instcombine -dce -globalopt -mergereturn -simplify-global-access -mem2reg -dce -pointer-simplify -dce -functionattrs -basicaa -aggr-aa -aggrmodref-aa -aggr-aa -gvn -gvn -basicaa -aggr-aa -aggrmodref-aa -aggr-aa -dse -adse -adce -inst-simplify -dce -norm-name -function-inline -globaldce -func-inst -constprop -instcombine -simplifycfg -dce -func-legal -dce -loop-bound -arraycheck -bitwidthmin -on-by-dataflow -loop-delete -instcombine -simplifycfg -globaldce -dce -gvn -deadargelim -dce -loop-simplify -clean-region -simplifycfg -propagate-stable-arguments -loop-stream -instcombine -simplifycfg -dce -globaldce -duplicate-dataflow-processes -stream-intrinsic-preproc -dce -check-ap-stream -loop-simplify -eliminate-keepreads -extract-dataflow-in-loop -loop-simplify -dce -gvn -deadargelim -dse -check-dataflow-syntax -legalize-stream-variable -legalize-global -extract-subproc -dce -dead-channel-elimination -canonicalize-gep -globaldce -dce -gvn -deadargelim -annotate-dataflow-channels -scalar-propagation -deadargelim -globaldce -mem2reg -check-dataflow-channels -function-stream -dce -globaldce -prop-fifo-spec -internal-stream-gen -canonicalize-gep -globaldce -dce -gvn -deadargelim -mergereturn -indvars -loop-simplify -instcombine -array-stream -array-seg-normalize -array-partition -func-legal -instcombine -simplifycfg -dce -bundle-memfifo-ops -deadargelim -function-uniquify -directive-preproc -mem2reg -dse -dce -group-axi-access -licm -simplifycfg -dce -loop-delete -norm-name C:/Users/estra/Desktop/proyectos_vivado/VentanaDeslizanteHLS/solution1/.autopilot/db/a.o.1.bc -o C:/Users/estra/Desktop/proyectos_vivado/VentanaDeslizanteHLS/solution1/.autopilot/db/a.o.1.tmp.bc -f 
Command         transform done; 0.291 sec.
INFO-FLOW: Presyn 2...
Execute         transform -hls -keep-callgraph -scalarrepl -mem2reg -port-alignment -attach-range -dce -pipe-mux-gen -indvars -loop-bound -inst-simplify -instcombine -dce -merge-array-access -mem2reg -dce -clean-region -mergereturn -if-conv -instcombine -dce -constprop -basicaa -aggr-aa -aggrmodref-aa -aggr-aa -gvn -gvn -basicaa -aggr-aa -aggrmodref-aa -aggr-aa -dse -adse -adce -scalarrepl -mem2reg -global-constprop -deadargelim -deadargelim -instcombine -dce -simplifycfg -ptrArgReplace -mem2reg -function-inline -globaldce -mem2reg -instcombine -dce -expr-balance -instcombine -dce -bitwidthmin -interface-preproc -directive-preproc -inst-rectify -instcombine -dce -functionattrs -constprop -instcombine -bit-constprop -simplify-global-access -globalopt -globaldce -inst-simplify -instcombine -elimdeaddata -dce -loop-delete -simplifycfg -loop-simplify -auto-burst -norm-name C:/Users/estra/Desktop/proyectos_vivado/VentanaDeslizanteHLS/solution1/.autopilot/db/a.o.1.tmp.bc -o C:/Users/estra/Desktop/proyectos_vivado/VentanaDeslizanteHLS/solution1/.autopilot/db/a.o.2.bc -f -phase presyn 
INFO: [XFORM 203-401] Performing if-conversion on hyperblock from (filtro_imagen/top.cpp:52:14) to (filtro_imagen/top.cpp:35:28) in function 'img_filter'... converting 3 basic blocks.
Command         transform done; 0.21 sec.
INFO: [HLS 200-111] Finished Pre-synthesis Time (s): cpu = 00:00:02 ; elapsed = 00:00:25 . Memory (MB): peak = 243.199 ; gain = 158.438
INFO-FLOW: Building ssdm...
Execute         transform -hls -function-uniquify -auto-function-inline -globaldce -ptrArgReplace -mem2reg -instcombine -dce -reset-lda -loop-simplify -indvars -licm -loop-dep -loop-bound -licm -loop-simplify -flattenloopnest -array-flatten -gvn -instcombine -dce -array-map -dce -func-legal -gvn -adce -instcombine -cfgopt -simplifycfg -loop-simplify -array-burst -promote-global-argument -dce -axi4-lower -array-seg-normalize -basicaa -aggrmodref-aa -globalsmodref-aa -aggr-aa -gvn -gvn -basicaa -aggrmodref-aa -globalsmodref-aa -aggr-aa -dse -adse -adce -licm -inst-simplify -dce -globaldce -instcombine -array-stream -eliminate-keepreads -instcombine -dce -deadargelim -doublePtrSimplify -doublePtrElim -dce -doublePtrSimplify -promote-dbg-pointer -dce -scalarrepl -mem2reg -disaggr -norm-name -mem2reg -instcombine -dse -adse -adce -ptrLegalization -dce -auto-rom-infer -array-flatten -dce -instcombine -check-doubleptr -loop-rot -constprop -cfgopt -simplifycfg -loop-simplify -indvars -pointer-simplify -dce -loop-bound -loop-simplify -loop-preproc -constprop -global-constprop -gvn -mem2reg -instcombine -dce -loop-bound -loop-merge -dce -bitwidthmin -deadargelim -dce -canonicalize-dataflow -dce -scalar-propagation -deadargelim -globaldce -mem2reg -read-loop-dep -interface-preproc -directive-preproc -interface-gen -bram-byte-enable -deadargelim -inst-simplify -dce -gvn -mem2reg -instcombine -dce -adse -loop-bound -instcombine -cfgopt -simplifycfg -loop-simplify -clean-region -io-protocol -find-region -mem2reg -bitop-raise -inst-simplify -inst-rectify -instcombine -adce -deadargelim -loop-simplify -phi-opt -bitop-raise -cfgopt -simplifycfg -strip-dead-prototypes -interface-lower -bitop-lower -intrinsic-lower -auto-function-inline -basicaa -aggrmodref-aa -globalsmodref-aa -aggr-aa -inst-simplify -simplifycfg -loop-simplify -mergereturn -inst-simplify -inst-rectify -dce -load-elim -bitop-lower -loop-rewind -pointer-simplify -dce -cfgopt -dce -bitwidth -loop-bound -loop-dep -read-loop-dep -dce -check-stream -norm-name -legalize -validate-dataflow -inst-clarity -cdfg-build C:/Users/estra/Desktop/proyectos_vivado/VentanaDeslizanteHLS/solution1/.autopilot/db/a.o.2.bc -o C:/Users/estra/Desktop/proyectos_vivado/VentanaDeslizanteHLS/solution1/.autopilot/db/a.o.3.bc -f -phase build-ssdm 
Command         transform done; 0.316 sec.
INFO: [HLS 200-111] Finished Architecture Synthesis Time (s): cpu = 00:00:03 ; elapsed = 00:00:25 . Memory (MB): peak = 254.898 ; gain = 170.137
INFO-FLOW: Finish building internal data model.
Command       opt_and_import_c done; 2.529 sec.
Command     elaborate done; 23.998 sec.
Execute     autosyn -from_csynth_design=1 
INFO: [HLS 200-10] Starting hardware synthesis ...
INFO-FLOW: Synthesizing C/C++ design ...
INFO: [HLS 200-10] Synthesizing 'img_filter' ...
Execute       ap_set_top_model img_filter 
Execute       get_model_list img_filter -filter all-wo-channel -topdown 
Execute       preproc_iomode -model img_filter 
Execute       get_model_list img_filter -filter all-wo-channel 
INFO-FLOW: Model list for configure: img_filter
INFO-FLOW: Configuring Module : img_filter ...
Execute       set_default_model img_filter 
Execute       apply_spec_resource_limit img_filter 
INFO-FLOW: Model list for preprocess: img_filter
INFO-FLOW: Preprocessing Module: img_filter ...
Execute       set_default_model img_filter 
Execute       cdfg_preprocess -model img_filter 
Execute       rtl_gen_preprocess img_filter 
INFO-FLOW: Model list for synthesis: img_filter
INFO: [HLS 200-10] ----------------------------------------------------------------
INFO: [HLS 200-42] -- Implementing module 'img_filter' 
INFO: [HLS 200-10] ----------------------------------------------------------------
Execute       set_default_model img_filter 
Execute       schedule -model img_filter 
INFO: [SCHED 204-11] Starting scheduling ...
INFO: [SCHED 204-11] Finished scheduling.
Command       schedule done; 0.191 sec.
INFO: [HLS 200-111]  Elapsed time: 25.688 seconds; current allocated memory: 198.044 MB.
Execute       report -o C:/Users/estra/Desktop/proyectos_vivado/VentanaDeslizanteHLS/solution1/.autopilot/db/img_filter.verbose.sched.rpt -verbose -f 
INFO: [HLS 200-434] Only 0 loops out of a total 6 loops have been pipelined in this design.
Execute       db_write -o C:/Users/estra/Desktop/proyectos_vivado/VentanaDeslizanteHLS/solution1/.autopilot/db/img_filter.sched.adb -f 
INFO-FLOW: Finish scheduling img_filter.
Execute       set_default_model img_filter 
Execute       bind -model img_filter 
BIND OPTION: fu_weight=[ 0.0 -- 1.0 ]
BIND OPTION: model=img_filter
BIND OPTION: reg_weight=[ 0.0 -- 1.0 ]
INFO: [BIND 205-100] Starting micro-architecture generation ...
INFO: [BIND 205-101] Performing variable lifetime analysis.
INFO: [BIND 205-101] Exploring resource sharing.
INFO: [BIND 205-101] Binding ...
INFO: [BIND 205-100] Finished micro-architecture generation.
INFO: [HLS 200-111]  Elapsed time: 0.176 seconds; current allocated memory: 198.571 MB.
Execute       report -o C:/Users/estra/Desktop/proyectos_vivado/VentanaDeslizanteHLS/solution1/.autopilot/db/img_filter.verbose.bind.rpt -verbose -f 
Execute       db_write -o C:/Users/estra/Desktop/proyectos_vivado/VentanaDeslizanteHLS/solution1/.autopilot/db/img_filter.bind.adb -f 
INFO-FLOW: Finish binding img_filter.
Execute       get_model_list img_filter -filter all-wo-channel 
INFO-FLOW: Preprocessing for RTLGen ...
Execute       rtl_gen_preprocess img_filter 
INFO-FLOW: Model list for RTL generation: img_filter
INFO: [HLS 200-10] ----------------------------------------------------------------
INFO: [HLS 200-10] -- Generating RTL for module 'img_filter' 
INFO: [HLS 200-10] ----------------------------------------------------------------
Execute       get_config_rtl -prefix 
Execute       get_config_rtl -auto_prefix 
Execute       create_rtl_model img_filter -vendor xilinx -mg_file C:/Users/estra/Desktop/proyectos_vivado/VentanaDeslizanteHLS/solution1/.autopilot/db/img_filter.compgen.tcl 
INFO: [RTGEN 206-500] Setting interface mode on port 'img_filter/in_V_data_V' to 'axis' (register, both mode).
INFO: [RTGEN 206-500] Setting interface mode on port 'img_filter/in_V_keep_V' to 'axis' (register, both mode).
INFO: [RTGEN 206-500] Setting interface mode on port 'img_filter/in_V_strb_V' to 'axis' (register, both mode).
INFO: [RTGEN 206-500] Setting interface mode on port 'img_filter/in_V_user_V' to 'axis' (register, both mode).
INFO: [RTGEN 206-500] Setting interface mode on port 'img_filter/in_V_last_V' to 'axis' (register, both mode).
INFO: [RTGEN 206-500] Setting interface mode on port 'img_filter/in_V_id_V' to 'axis' (register, both mode).
INFO: [RTGEN 206-500] Setting interface mode on port 'img_filter/in_V_dest_V' to 'axis' (register, both mode).
INFO: [RTGEN 206-500] Setting interface mode on port 'img_filter/out_V_data_V' to 'axis' (register, both mode).
INFO: [RTGEN 206-500] Setting interface mode on port 'img_filter/out_V_keep_V' to 'axis' (register, both mode).
INFO: [RTGEN 206-500] Setting interface mode on port 'img_filter/out_V_strb_V' to 'axis' (register, both mode).
INFO: [RTGEN 206-500] Setting interface mode on port 'img_filter/out_V_user_V' to 'axis' (register, both mode).
INFO: [RTGEN 206-500] Setting interface mode on port 'img_filter/out_V_last_V' to 'axis' (register, both mode).
INFO: [RTGEN 206-500] Setting interface mode on port 'img_filter/out_V_id_V' to 'axis' (register, both mode).
INFO: [RTGEN 206-500] Setting interface mode on port 'img_filter/out_V_dest_V' to 'axis' (register, both mode).
INFO: [RTGEN 206-500] Setting interface mode on function 'img_filter' to 'ap_ctrl_hs'.
INFO: [SYN 201-210] Renamed object name 'img_filter_am_addmul_8ns_9ns_12ns_22_1_1' to 'img_filter_am_addbkb' due to the length limit 20
INFO: [SYN 201-210] Renamed object name 'img_filter_mac_muladd_8s_3s_8ns_8_1_1' to 'img_filter_mac_mucud' due to the length limit 20
INFO: [SYN 201-210] Renamed object name 'img_filter_mac_muladd_3s_8s_8ns_8_1_1' to 'img_filter_mac_mudEe' due to the length limit 20
INFO: [RTGEN 206-100] Generating core module 'img_filter_am_addbkb': 1 instance(s).
INFO: [RTGEN 206-100] Generating core module 'img_filter_mac_mucud': 1 instance(s).
INFO: [RTGEN 206-100] Generating core module 'img_filter_mac_mudEe': 1 instance(s).
INFO: [RTGEN 206-100] Finished creating RTL model for 'img_filter'.
Command       create_rtl_model done; 0.155 sec.
INFO: [HLS 200-111]  Elapsed time: 0.32 seconds; current allocated memory: 200.175 MB.
Execute       source C:/Users/estra/Desktop/proyectos_vivado/VentanaDeslizanteHLS/solution1/.autopilot/db/img_filter.rtl_wrap.cfg.tcl 
Execute       gen_rtl img_filter -istop -style xilinx -tracefl mytrace -tracefmt vcd -traceopt all -f -lang sc -o C:/Users/estra/Desktop/proyectos_vivado/VentanaDeslizanteHLS/solution1/syn/systemc/img_filter -synmodules img_filter 
Execute       gen_rtl img_filter -istop -style xilinx -f -lang vhdl -o C:/Users/estra/Desktop/proyectos_vivado/VentanaDeslizanteHLS/solution1/syn/vhdl/img_filter 
Execute       gen_rtl img_filter -istop -style xilinx -f -lang vlog -o C:/Users/estra/Desktop/proyectos_vivado/VentanaDeslizanteHLS/solution1/syn/verilog/img_filter 
Execute       export_constraint_db -o C:/Users/estra/Desktop/proyectos_vivado/VentanaDeslizanteHLS/solution1/.autopilot/db/img_filter.constraint.tcl -f -tool general 
Execute       report -model img_filter -o C:/Users/estra/Desktop/proyectos_vivado/VentanaDeslizanteHLS/solution1/.autopilot/db/img_filter.design.xml -verbose -f -dv 
Execute       report -model img_filter -o C:/Users/estra/Desktop/proyectos_vivado/VentanaDeslizanteHLS/solution1/.autopilot/db/img_filter.sdaccel.xml -verbose -f -sdaccel 
Execute       gen_tb_info img_filter -o C:/Users/estra/Desktop/proyectos_vivado/VentanaDeslizanteHLS/solution1/.autopilot/db/img_filter -p C:/Users/estra/Desktop/proyectos_vivado/VentanaDeslizanteHLS/solution1/.autopilot/db 
Execute       report -model img_filter -o C:/Users/estra/Desktop/proyectos_vivado/VentanaDeslizanteHLS/solution1/syn/report/img_filter_csynth.rpt -f 
Execute       report -model img_filter -o C:/Users/estra/Desktop/proyectos_vivado/VentanaDeslizanteHLS/solution1/syn/report/img_filter_csynth.xml -f -x 
Execute       report -model img_filter -o C:/Users/estra/Desktop/proyectos_vivado/VentanaDeslizanteHLS/solution1/.autopilot/db/img_filter.verbose.rpt -verbose -f 
Command       report done; 0.116 sec.
Execute       db_write -model img_filter -o C:/Users/estra/Desktop/proyectos_vivado/VentanaDeslizanteHLS/solution1/.autopilot/db/img_filter.adb -f 
Execute       sc_get_clocks img_filter 
Execute       get_config_export -vivado_clock 
Execute       sc_get_portdomain img_filter 
INFO-FLOW: Model list for RTL component generation: img_filter
INFO-FLOW: Handling components in module [img_filter] ... 
Execute       source C:/Users/estra/Desktop/proyectos_vivado/VentanaDeslizanteHLS/solution1/.autopilot/db/img_filter.compgen.tcl 
INFO-FLOW: Found component img_filter_am_addbkb.
INFO-FLOW: Append model img_filter_am_addbkb
INFO-FLOW: Found component img_filter_mac_mucud.
INFO-FLOW: Append model img_filter_mac_mucud
INFO-FLOW: Found component img_filter_mac_mudEe.
INFO-FLOW: Append model img_filter_mac_mudEe
INFO-FLOW: Found component img_filter_kernelX.
INFO-FLOW: Append model img_filter_kernelX
INFO-FLOW: Found component img_filter_kernelY.
INFO-FLOW: Append model img_filter_kernelY
INFO-FLOW: Found component img_filter_img_V.
INFO-FLOW: Append model img_filter_img_V
INFO-FLOW: Append model img_filter
INFO-FLOW: Generating RTL model list ...
INFO-FLOW: All models in this session: img_filter_am_addbkb img_filter_mac_mucud img_filter_mac_mudEe img_filter_kernelX img_filter_kernelY img_filter_img_V img_filter
INFO-FLOW: To file: write model img_filter_am_addbkb
INFO-FLOW: To file: write model img_filter_mac_mucud
INFO-FLOW: To file: write model img_filter_mac_mudEe
INFO-FLOW: To file: write model img_filter_kernelX
INFO-FLOW: To file: write model img_filter_kernelY
INFO-FLOW: To file: write model img_filter_img_V
INFO-FLOW: To file: write model img_filter
INFO-FLOW: Finished generating RTL model list.


INFO-FLOW: RTL Generation done.
INFO-FLOW: CAS Generation done.
INFO-FLOW: CBC Generation done.
INFO-FLOW: DBG:CMD: auto_generate_csynth_design
INFO-FLOW: DBG:CMD:     auto_generate --sim-model -phase csynth_design -d C:/Users/estra/Desktop/proyectos_vivado/VentanaDeslizanteHLS/solution1
Execute       source C:/Users/estra/Desktop/proyectos_vivado/VentanaDeslizanteHLS/solution1/.autopilot/db/global.setting.tcl 
INFO-FLOW: DBG:CMD: read_platform_lib C:/Users/estra/Desktop/proyectos_vivado/VentanaDeslizanteHLS/solution1/.autopilot/db/global.setting.tcl
Execute       source D:/Xilinx/Vivado/2018.3/common/technology/generic/autopilot/common.gen 
Execute         source D:/Xilinx/Vivado/2018.3/common/technology/generic/autopilot/APCoreGen.gen 
Execute       source D:/Xilinx/Vivado/2018.3/common/technology/generic/autopilot/op.gen 
Execute       source D:/Xilinx/Vivado/2018.3/common/technology/generic/autopilot/op_simcore.gen 
Execute       source D:/Xilinx/Vivado/2018.3/common/technology/generic/autopilot/interface.gen 
Execute       source C:/Users/estra/Desktop/proyectos_vivado/VentanaDeslizanteHLS/solution1/.autopilot/db/global.setting.tcl 
Execute       source D:/Xilinx/Vivado/2018.3/common/technology/xilinx/zynquplus/zynquplus.gen 
Execute         source D:/Xilinx/Vivado/2018.3/common/technology/xilinx/common/virtex.gen 
Execute           source D:/Xilinx/Vivado/2018.3/common/technology/xilinx/common/xilinx.gen 
Execute             source D:/Xilinx/Vivado/2018.3/common/technology/xilinx/interface/plb46.gen 
Execute             source D:/Xilinx/Vivado/2018.3/common/technology/xilinx/interface/fsl.gen 
Execute             source D:/Xilinx/Vivado/2018.3/common/technology/xilinx/interface/axi4.gen 
Execute             source D:/Xilinx/Vivado/2018.3/common/technology/xilinx/interface/nativeAXI4.gen 
Execute               source D:/Xilinx/Vivado/2018.3/common/technology/xilinx/interface/saxilite.gen 
Execute               source D:/Xilinx/Vivado/2018.3/common/technology/xilinx/interface/maxi.gen 
Execute             source D:/Xilinx/Vivado/2018.3/common/technology/xilinx/scripts/xilinxcoregen.gen 
Execute             source D:/Xilinx/Vivado/2018.3/common/technology/xilinx/interface/XilEDKCoreGen.gen 
Execute             source D:/Xilinx/Vivado/2018.3/common/technology/xilinx/ip/dds_compiler.gen 
Execute             source D:/Xilinx/Vivado/2018.3/common/technology/xilinx/ip/util.gen 
Execute             source D:/Xilinx/Vivado/2018.3/common/technology/xilinx/ip/xfft.gen 
Execute             source D:/Xilinx/Vivado/2018.3/common/technology/xilinx/ip/xfir.gen 
Command           ap_source done; 0.116 sec.
Execute           source D:/Xilinx/Vivado/2018.3/common/technology/xilinx/common/dsp48.gen 
Command         ap_source done; 0.119 sec.
Command       ap_source done; 0.119 sec.
Execute       source D:/Xilinx/Vivado/2018.3/common/technology/xilinx/zynquplus/zynquplus_fpv7.gen 
Execute         source D:/Xilinx/Vivado/2018.3/common/technology/xilinx/common/xilinx_fpv6.gen 
INFO-FLOW: DBG:CMD:   using AESL_AUTOCG::g_clock_period=10.000 (was NA)
INFO-FLOW: DBG:CMD:       generate_ip_cores sim=1 export=0 expOnly=0 dstVlogDir=syn/verilog
Execute       source C:/Users/estra/Desktop/proyectos_vivado/VentanaDeslizanteHLS/solution1/.autopilot/db/global.setting.tcl 
Execute       source C:/Users/estra/Desktop/proyectos_vivado/VentanaDeslizanteHLS/solution1/.autopilot/db/global.setting.tcl 
Execute       source C:/Users/estra/Desktop/proyectos_vivado/VentanaDeslizanteHLS/solution1/.autopilot/db/global.setting.tcl 
Execute       source C:/Users/estra/Desktop/proyectos_vivado/VentanaDeslizanteHLS/solution1/.autopilot/db/img_filter.compgen.tcl 
INFO: [RTMG 210-279] Implementing memory 'img_filter_kernelX_rom' using distributed ROMs.
INFO: [RTMG 210-279] Implementing memory 'img_filter_kernelY_rom' using distributed ROMs.
INFO: [RTMG 210-278] Implementing memory 'img_filter_img_V_ram (RAM)' using block RAMs.
Command       ap_source done; 0.269 sec.
INFO-FLOW: DBG:CMD:     auto_generate -export -impltomg_flag -rtl both -tool Vivado -pcore_version 1.00.a -phase csynth_design -d C:/Users/estra/Desktop/proyectos_vivado/VentanaDeslizanteHLS/solution1
Execute       source C:/Users/estra/Desktop/proyectos_vivado/VentanaDeslizanteHLS/solution1/.autopilot/db/global.setting.tcl 
INFO-FLOW: DBG:CMD: read_platform_lib C:/Users/estra/Desktop/proyectos_vivado/VentanaDeslizanteHLS/solution1/.autopilot/db/global.setting.tcl
Execute       source D:/Xilinx/Vivado/2018.3/common/technology/generic/autopilot/common.gen 
Execute         source D:/Xilinx/Vivado/2018.3/common/technology/generic/autopilot/APCoreGen.gen 
Execute       source D:/Xilinx/Vivado/2018.3/common/technology/generic/autopilot/op.gen 
Execute       source D:/Xilinx/Vivado/2018.3/common/technology/generic/autopilot/op_simcore.gen 
Execute       source D:/Xilinx/Vivado/2018.3/common/technology/generic/autopilot/interface.gen 
Execute       source C:/Users/estra/Desktop/proyectos_vivado/VentanaDeslizanteHLS/solution1/.autopilot/db/global.setting.tcl 
Execute       source D:/Xilinx/Vivado/2018.3/common/technology/xilinx/zynquplus/zynquplus.gen 
Execute         source D:/Xilinx/Vivado/2018.3/common/technology/xilinx/common/virtex.gen 
Execute           source D:/Xilinx/Vivado/2018.3/common/technology/xilinx/common/xilinx.gen 
Execute             source D:/Xilinx/Vivado/2018.3/common/technology/xilinx/interface/plb46.gen 
Execute             source D:/Xilinx/Vivado/2018.3/common/technology/xilinx/interface/fsl.gen 
Execute             source D:/Xilinx/Vivado/2018.3/common/technology/xilinx/interface/axi4.gen 
Execute             source D:/Xilinx/Vivado/2018.3/common/technology/xilinx/interface/nativeAXI4.gen 
Execute               source D:/Xilinx/Vivado/2018.3/common/technology/xilinx/interface/saxilite.gen 
Execute               source D:/Xilinx/Vivado/2018.3/common/technology/xilinx/interface/maxi.gen 
Execute             source D:/Xilinx/Vivado/2018.3/common/technology/xilinx/scripts/xilinxcoregen.gen 
Execute             source D:/Xilinx/Vivado/2018.3/common/technology/xilinx/interface/XilEDKCoreGen.gen 
Execute             source D:/Xilinx/Vivado/2018.3/common/technology/xilinx/ip/dds_compiler.gen 
Execute             source D:/Xilinx/Vivado/2018.3/common/technology/xilinx/ip/util.gen 
Execute             source D:/Xilinx/Vivado/2018.3/common/technology/xilinx/ip/xfft.gen 
Execute             source D:/Xilinx/Vivado/2018.3/common/technology/xilinx/ip/xfir.gen 
Command           ap_source done; 0.112 sec.
Execute           source D:/Xilinx/Vivado/2018.3/common/technology/xilinx/common/dsp48.gen 
Command         ap_source done; 0.114 sec.
Command       ap_source done; 0.114 sec.
Execute       source D:/Xilinx/Vivado/2018.3/common/technology/xilinx/zynquplus/zynquplus_fpv7.gen 
Execute         source D:/Xilinx/Vivado/2018.3/common/technology/xilinx/common/xilinx_fpv6.gen 
INFO-FLOW: DBG:CMD:       initCTypeInfo top_module=img_filter xml_exists=0
Execute       source C:/Users/estra/Desktop/proyectos_vivado/VentanaDeslizanteHLS/solution1/.autopilot/db/img_filter.rtl_wrap.cfg.tcl 
Execute       source C:/Users/estra/Desktop/proyectos_vivado/VentanaDeslizanteHLS/solution1/.autopilot/db/img_filter.rtl_wrap.cfg.tcl 
Execute       source C:/Users/estra/Desktop/proyectos_vivado/VentanaDeslizanteHLS/solution1/.autopilot/db/img_filter.rtl_wrap.cfg.tcl 
Execute       source C:/Users/estra/Desktop/proyectos_vivado/VentanaDeslizanteHLS/solution1/.autopilot/db/img_filter.tbgen.tcl 
Execute       source C:/Users/estra/Desktop/proyectos_vivado/VentanaDeslizanteHLS/solution1/.autopilot/db/img_filter.tbgen.tcl 
INFO-FLOW: DBG:CMD:       export_impl_rtl
INFO-FLOW: DBG:CMD:       generate_ip_cores sim=0 export=0 expOnly=0 dstVlogDir=impl/.verilog
Execute       source C:/Users/estra/Desktop/proyectos_vivado/VentanaDeslizanteHLS/solution1/.autopilot/db/global.setting.tcl 
Execute       source C:/Users/estra/Desktop/proyectos_vivado/VentanaDeslizanteHLS/solution1/.autopilot/db/img_filter.compgen.tcl 
INFO-FLOW: DBG:CMD:       generate_ip_cores sim=0 export=1 expOnly=1 dstVlogDir=impl/.pcores/verilog
Execute       source C:/Users/estra/Desktop/proyectos_vivado/VentanaDeslizanteHLS/solution1/.autopilot/db/global.setting.tcl 
Execute       source C:/Users/estra/Desktop/proyectos_vivado/VentanaDeslizanteHLS/solution1/.autopilot/db/img_filter.compgen.tcl 
INFO-FLOW: DBG:CMD:       generate_ip_cores sim=0 export=0 expOnly=0 dstVlogDir=impl/.pcores/verilog_sim
Execute       source C:/Users/estra/Desktop/proyectos_vivado/VentanaDeslizanteHLS/solution1/.autopilot/db/global.setting.tcl 
Execute       source C:/Users/estra/Desktop/proyectos_vivado/VentanaDeslizanteHLS/solution1/.autopilot/db/img_filter.compgen.tcl 
Execute       source C:/Users/estra/Desktop/proyectos_vivado/VentanaDeslizanteHLS/solution1/.autopilot/db/global.setting.tcl 
Execute       source C:/Users/estra/Desktop/proyectos_vivado/VentanaDeslizanteHLS/solution1/.autopilot/db/img_filter.constraint.tcl 
Execute       source C:/Users/estra/Desktop/proyectos_vivado/VentanaDeslizanteHLS/solution1/.autopilot/db/img_filter.tbgen.tcl 
INFO-FLOW: DBG:CMD:       hasPcoreIpAdapter=false #gSsdmPorts=30
INFO-FLOW: DBG:CMD: Skipping loadAnalyze_DB, #g_database=14
INFO-FLOW: DBG:CMD:       generate_json is_phase_csynth=1 g_has_adaptors=false generate_bd_files=1 #modelList=7 #gSsdmPorts=30
Execute       source C:/Users/estra/Desktop/proyectos_vivado/VentanaDeslizanteHLS/solution1/.autopilot/db/global.setting.tcl 
Execute       source C:/Users/estra/Desktop/proyectos_vivado/VentanaDeslizanteHLS/solution1/.autopilot/db/global.setting.tcl 
Execute       source C:/Users/estra/Desktop/proyectos_vivado/VentanaDeslizanteHLS/solution1/.autopilot/db/img_filter.tbgen.tcl 
Execute       source C:/Users/estra/Desktop/proyectos_vivado/VentanaDeslizanteHLS/solution1/.autopilot/db/img_filter.tbgen.tcl 
Execute       source C:/Users/estra/Desktop/proyectos_vivado/VentanaDeslizanteHLS/solution1/.autopilot/db/img_filter.tbgen.tcl 
Execute       source C:/Users/estra/Desktop/proyectos_vivado/VentanaDeslizanteHLS/solution1/.autopilot/db/img_filter.tbgen.tcl 
Execute       source C:/Users/estra/Desktop/proyectos_vivado/VentanaDeslizanteHLS/solution1/.autopilot/db/img_filter.tbgen.tcl 
Execute       source C:/Users/estra/Desktop/proyectos_vivado/VentanaDeslizanteHLS/solution1/.autopilot/db/img_filter.tbgen.tcl 
Execute       source C:/Users/estra/Desktop/proyectos_vivado/VentanaDeslizanteHLS/solution1/.autopilot/db/img_filter.tbgen.tcl 
Execute       source C:/Users/estra/Desktop/proyectos_vivado/VentanaDeslizanteHLS/solution1/.autopilot/db/img_filter.tbgen.tcl 
Execute       source C:/Users/estra/Desktop/proyectos_vivado/VentanaDeslizanteHLS/solution1/.autopilot/db/global.setting.tcl 
Execute       get_config_sdx -target 
Execute       get_config_export -xo 
Execute       source C:/Users/estra/Desktop/proyectos_vivado/VentanaDeslizanteHLS/solution1/.autopilot/db/global.setting.tcl 
Execute       source C:/Users/estra/Desktop/proyectos_vivado/VentanaDeslizanteHLS/solution1/.autopilot/db/img_filter.constraint.tcl 
Execute       sc_get_clocks img_filter 
Execute       source C:/Users/estra/Desktop/proyectos_vivado/VentanaDeslizanteHLS/solution1/.autopilot/db/global.setting.tcl 
Execute       get_config_sdx -target 
Execute       get_config_sdx -profile 
Execute       ::config_rtl 
INFO-FLOW: DBG:CMD: add_json_sdx_info kernel file does not exist: C:/Users/estra/Desktop/proyectos_vivado/VentanaDeslizanteHLS/solution1/.autopilot/db/kernel.internal.xml
INFO-FLOW: DBG:CMD:       delete-temp-dirs (skipped for debug)
INFO: [HLS 200-111] Finished generating all RTL models Time (s): cpu = 00:00:04 ; elapsed = 00:00:28 . Memory (MB): peak = 256.875 ; gain = 172.113
INFO: [SYSC 207-301] Generating SystemC RTL for img_filter.
INFO: [VHDL 208-304] Generating VHDL RTL for img_filter.
INFO: [VLOG 209-307] Generating Verilog RTL for img_filter.
Command     autosyn done; 2.859 sec.
Execute     get_part 
Execute     get_config_export -sdx_tcl 
Command   csynth_design done; 27.524 sec.
Command ap_source done; 27.875 sec.
Execute cleanup_all 
INFO-FLOW: Workspace C:/Users/estra/Desktop/proyectos_vivado/VentanaDeslizanteHLS/solution1 opened at Sat Nov 28 11:25:46 +0100 2020
Execute     config_clock -quiet -name default -period 10 -default=false 
INFO: [SYN 201-201] Setting up clock 'default' with a period of 10ns.
Execute     open_platform DefaultPlatform 
Execute     import_lib D:/Xilinx/Vivado/2018.3/common/technology/xilinx/zynquplus/zynquplus 
Execute       source D:/Xilinx/Vivado/2018.3/common/technology/xilinx/common/xilinx.lib 
Execute         source D:/Xilinx/Vivado/2018.3/common/technology/xilinx/interface/xilinx_interface.lib 
Execute           source D:/Xilinx/Vivado/2018.3/common/technology/xilinx/interface/plb46.lib 
Execute           source D:/Xilinx/Vivado/2018.3/common/technology/xilinx/interface/fsl.lib 
Execute           source D:/Xilinx/Vivado/2018.3/common/technology/xilinx/interface/axi4.lib 
Execute           source D:/Xilinx/Vivado/2018.3/common/technology/xilinx/interface/maxi.lib 
Execute           source D:/Xilinx/Vivado/2018.3/common/technology/xilinx/interface/saxilite.lib 
Execute         source D:/Xilinx/Vivado/2018.3/common/technology/xilinx/common/dsp48.lib 
Execute         source D:/Xilinx/Vivado/2018.3/common/technology/xilinx/ip/dds_compiler.lib 
Execute         source D:/Xilinx/Vivado/2018.3/common/technology/xilinx/ip/xfft.lib 
Execute         source D:/Xilinx/Vivado/2018.3/common/technology/xilinx/ip/xfir.lib 
Execute       source D:/Xilinx/Vivado/2018.3/common/technology/xilinx/common/xilinx_old.lib 
Execute       source D:/Xilinx/Vivado/2018.3/common/technology/xilinx/common/xilinx_vivado.lib 
Execute       source D:/Xilinx/Vivado/2018.3/common/technology/xilinx/common/xilinx.hlp 
Execute         source D:/Xilinx/Vivado/2018.3/common/technology/xilinx/common/target_info.tcl 
Execute         source D:/Xilinx/Vivado/2018.3/common/technology/xilinx/interface/xilinx_interface.hlp 
Execute           source D:/Xilinx/Vivado/2018.3/common/technology/xilinx/interface/maxi.hlp 
Execute           source D:/Xilinx/Vivado/2018.3/common/technology/xilinx/interface/saxilite.hlp 
Execute         source D:/Xilinx/Vivado/2018.3/common/technology/xilinx/common/dsp48.hlp 
Execute       source D:/Xilinx/Vivado/2018.3/common/technology/xilinx/zynquplus/dsp48e2.hlp 
Execute       get_default_platform 
Execute       config_chip_info -quiet -resource  {SLICE 34260} {LUT 274080}   {FF 548160}  {DSP48E 2520}  {BRAM 1824} {URAM 0}  
Execute       config_chip_info -quiet -speed medium 
Execute       source D:/Xilinx/Vivado/2018.3/common/technology/xilinx/common/xilinx.hlp 
Execute         source D:/Xilinx/Vivado/2018.3/common/technology/xilinx/common/target_info.tcl 
Execute         source D:/Xilinx/Vivado/2018.3/common/technology/xilinx/interface/xilinx_interface.hlp 
Execute           source D:/Xilinx/Vivado/2018.3/common/technology/xilinx/interface/maxi.hlp 
Execute           source D:/Xilinx/Vivado/2018.3/common/technology/xilinx/interface/saxilite.hlp 
Execute         source D:/Xilinx/Vivado/2018.3/common/technology/xilinx/common/dsp48.hlp 
Execute     source D:/Xilinx/Vivado/2018.3/common/technology/xilinx/zynquplus/zynquplus.gen 
Execute       source D:/Xilinx/Vivado/2018.3/common/technology/xilinx/common/virtex.gen 
Execute         source D:/Xilinx/Vivado/2018.3/common/technology/xilinx/common/xilinx.gen 
Execute           source D:/Xilinx/Vivado/2018.3/common/technology/xilinx/interface/plb46.gen 
Execute           source D:/Xilinx/Vivado/2018.3/common/technology/xilinx/interface/fsl.gen 
Execute           source D:/Xilinx/Vivado/2018.3/common/technology/xilinx/interface/axi4.gen 
Execute           source D:/Xilinx/Vivado/2018.3/common/technology/xilinx/interface/nativeAXI4.gen 
Execute             source D:/Xilinx/Vivado/2018.3/common/technology/xilinx/interface/saxilite.gen 
Execute             source D:/Xilinx/Vivado/2018.3/common/technology/xilinx/interface/maxi.gen 
Execute           source D:/Xilinx/Vivado/2018.3/common/technology/xilinx/scripts/xilinxcoregen.gen 
Execute           source D:/Xilinx/Vivado/2018.3/common/technology/xilinx/interface/XilEDKCoreGen.gen 
Execute           source D:/Xilinx/Vivado/2018.3/common/technology/xilinx/ip/dds_compiler.gen 
Execute           source D:/Xilinx/Vivado/2018.3/common/technology/xilinx/ip/util.gen 
Execute           source D:/Xilinx/Vivado/2018.3/common/technology/xilinx/ip/xfft.gen 
Execute           source D:/Xilinx/Vivado/2018.3/common/technology/xilinx/ip/xfir.gen 
Command         ap_source done; 0.136 sec.
Execute         source D:/Xilinx/Vivado/2018.3/common/technology/xilinx/common/dsp48.gen 
Command       ap_source done; 0.139 sec.
Command     ap_source done; 0.139 sec.
Execute     open_platform DefaultPlatform 
Execute     import_lib D:/Xilinx/Vivado/2018.3/common/technology/xilinx/zynquplus/zynquplus_fpv7 
Execute       source D:/Xilinx/Vivado/2018.3/common/technology/xilinx/common/xilinx_fpv7.lib 
Execute         source D:/Xilinx/Vivado/2018.3/common/technology/xilinx/common/xilinx_hp.lib 
Execute       source D:/Xilinx/Vivado/2018.3/common/technology/xilinx/common/xilinx_fpv.hlp 
Execute         source D:/Xilinx/Vivado/2018.3/common/technology/xilinx/common/xilinx.hlp 
Execute           source D:/Xilinx/Vivado/2018.3/common/technology/xilinx/common/target_info.tcl 
Execute           source D:/Xilinx/Vivado/2018.3/common/technology/xilinx/interface/xilinx_interface.hlp 
Execute             source D:/Xilinx/Vivado/2018.3/common/technology/xilinx/interface/maxi.hlp 
Execute             source D:/Xilinx/Vivado/2018.3/common/technology/xilinx/interface/saxilite.hlp 
Execute           source D:/Xilinx/Vivado/2018.3/common/technology/xilinx/common/dsp48.hlp 
Execute       source D:/Xilinx/Vivado/2018.3/common/technology/xilinx/zynquplus/zynquplus_hp.hlp 
Execute     source D:/Xilinx/Vivado/2018.3/common/technology/xilinx/zynquplus/zynquplus_fpv7.gen 
Execute       source D:/Xilinx/Vivado/2018.3/common/technology/xilinx/common/xilinx_fpv6.gen 
Execute     set_part xczu3eg-sbva484-1-e 
Execute       add_library xilinx/zynquplus/zynquplus:xczu3eg:-sbva484:-1-e 
Execute         get_default_platform 
Execute         license_isbetapart xczu3eg 
Command         license_isbetapart done; error code: 1; 
Execute         get_default_platform 
Execute         config_chip_info -quiet -resource  {SLICE 8820}  {LUT 70560}    {FF 141120}  {DSP48E 360}   {BRAM 432}  {URAM 0}  
Execute         config_chip_info -quiet -speed slow 
Execute       add_library xilinx/zynquplus/zynquplus_fpv7 
Execute         get_default_platform 
INFO: [HLS 200-10] Setting target device to 'xczu3eg-sbva484-1-e'
Execute       get_default_platform 
Execute     get_default_platform 
Execute     config_chip_info -quiet -resource  {SLICE 8820}  {LUT 70560}    {FF 141120}  {DSP48E 360}   {BRAM 432}  {URAM 0}  
Execute     config_chip_info -quiet -speed slow 
Command   open_solution done; 0.254 sec.
Execute   export_design -rtl verilog -format ip_catalog 
Execute     get_config_export -acc 
Execute     get_config_export -clock_margin 
Execute     get_config_export -custom_script 
Execute     get_config_export -description 
Execute     get_config_export -display_name 
Execute     get_config_export -driver_input_dir 
Execute     get_config_export -ipname 
Execute     get_config_export -kernel_drc 
Execute     get_config_export -library 
Execute     get_config_export -qor_test 
Execute     get_config_export -sdaccel 
Execute     get_config_export -sim 
Execute     get_config_export -taxonomy 
Execute     get_config_export -use_ip 
Execute     get_config_export -use_netlist 
Execute     get_config_export -vendor 
Execute     get_config_export -version 
Execute     get_config_export -xo 
Execute     config_export -format=ip_catalog -rtl=verilog 
INFO-FLOW: DBG:CMD: export_design_wrap: -format ip_catalog -rtl verilog
Execute     source C:/Users/estra/Desktop/proyectos_vivado/VentanaDeslizanteHLS/solution1/.autopilot/db/global.setting.tcl 
Execute     get_config_export -vivado_clock 
Execute     get_top 
Execute     get_config_sdx -target 
Execute     get_config_rtl -auto_prefix 
Execute     get_config_sdx -target 
INFO-FLOW: DBG:CMD:   auto_impl: pack: -export -tool vivado -rtl verilog -sdx-target none
Execute     source C:/Users/estra/Desktop/proyectos_vivado/VentanaDeslizanteHLS/solution1/.autopilot/db/global.setting.tcl 
INFO-FLOW: DBG:CMD: read_platform_lib C:/Users/estra/Desktop/proyectos_vivado/VentanaDeslizanteHLS/solution1/.autopilot/db/global.setting.tcl
Execute     source D:/Xilinx/Vivado/2018.3/common/technology/generic/autopilot/common.gen 
Execute       source D:/Xilinx/Vivado/2018.3/common/technology/generic/autopilot/APCoreGen.gen 
Execute     source D:/Xilinx/Vivado/2018.3/common/technology/generic/autopilot/op.gen 
Execute     source D:/Xilinx/Vivado/2018.3/common/technology/generic/autopilot/op_simcore.gen 
Execute     source D:/Xilinx/Vivado/2018.3/common/technology/generic/autopilot/interface.gen 
Execute     source C:/Users/estra/Desktop/proyectos_vivado/VentanaDeslizanteHLS/solution1/.autopilot/db/global.setting.tcl 
Execute     source D:/Xilinx/Vivado/2018.3/common/technology/xilinx/zynquplus/zynquplus.gen 
Execute       source D:/Xilinx/Vivado/2018.3/common/technology/xilinx/common/virtex.gen 
Execute         source D:/Xilinx/Vivado/2018.3/common/technology/xilinx/common/xilinx.gen 
Execute           source D:/Xilinx/Vivado/2018.3/common/technology/xilinx/interface/plb46.gen 
Execute           source D:/Xilinx/Vivado/2018.3/common/technology/xilinx/interface/fsl.gen 
Execute           source D:/Xilinx/Vivado/2018.3/common/technology/xilinx/interface/axi4.gen 
Execute           source D:/Xilinx/Vivado/2018.3/common/technology/xilinx/interface/nativeAXI4.gen 
Execute             source D:/Xilinx/Vivado/2018.3/common/technology/xilinx/interface/saxilite.gen 
Execute             source D:/Xilinx/Vivado/2018.3/common/technology/xilinx/interface/maxi.gen 
Execute           source D:/Xilinx/Vivado/2018.3/common/technology/xilinx/scripts/xilinxcoregen.gen 
Execute           source D:/Xilinx/Vivado/2018.3/common/technology/xilinx/interface/XilEDKCoreGen.gen 
Execute           source D:/Xilinx/Vivado/2018.3/common/technology/xilinx/ip/dds_compiler.gen 
Execute           source D:/Xilinx/Vivado/2018.3/common/technology/xilinx/ip/util.gen 
Execute           source D:/Xilinx/Vivado/2018.3/common/technology/xilinx/ip/xfft.gen 
Execute           source D:/Xilinx/Vivado/2018.3/common/technology/xilinx/ip/xfir.gen 
Command         ap_source done; 0.108 sec.
Execute         source D:/Xilinx/Vivado/2018.3/common/technology/xilinx/common/dsp48.gen 
Command       ap_source done; 0.11 sec.
Command     ap_source done; 0.11 sec.
Execute     source D:/Xilinx/Vivado/2018.3/common/technology/xilinx/zynquplus/zynquplus_fpv7.gen 
Execute       source D:/Xilinx/Vivado/2018.3/common/technology/xilinx/common/xilinx_fpv6.gen 
INFO-FLOW: DBG:CMD:   using AESL_AUTOCG::g_clock_period=10.000 (was NA)
Execute     source C:/Users/estra/Desktop/proyectos_vivado/VentanaDeslizanteHLS/solution1/.autopilot/db/global.setting.tcl 
INFO: [IMPL 213-8] Exporting RTL as a Vivado IP.
Execute     source C:/Users/estra/Desktop/proyectos_vivado/VentanaDeslizanteHLS/solution1/.autopilot/db/global.setting.tcl 
INFO-FLOW: DBG:CMD: automg_wrap -export -pcore_version 1.00.a -rtl vlog -sdx-target none -tool Vivado -impltomg_flag
INFO-FLOW: DBG:CMD:     auto_generate -export -pcore_version 1.00.a -rtl vlog -sdx-target none -tool Vivado -impltomg_flag
Execute     source C:/Users/estra/Desktop/proyectos_vivado/VentanaDeslizanteHLS/solution1/.autopilot/db/global.setting.tcl 
INFO-FLOW: DBG:CMD: read_platform_lib C:/Users/estra/Desktop/proyectos_vivado/VentanaDeslizanteHLS/solution1/.autopilot/db/global.setting.tcl
Execute     source D:/Xilinx/Vivado/2018.3/common/technology/generic/autopilot/common.gen 
Execute       source D:/Xilinx/Vivado/2018.3/common/technology/generic/autopilot/APCoreGen.gen 
Execute     source D:/Xilinx/Vivado/2018.3/common/technology/generic/autopilot/op.gen 
Execute     source D:/Xilinx/Vivado/2018.3/common/technology/generic/autopilot/op_simcore.gen 
Execute     source D:/Xilinx/Vivado/2018.3/common/technology/generic/autopilot/interface.gen 
Execute     source C:/Users/estra/Desktop/proyectos_vivado/VentanaDeslizanteHLS/solution1/.autopilot/db/global.setting.tcl 
Execute     source D:/Xilinx/Vivado/2018.3/common/technology/xilinx/zynquplus/zynquplus.gen 
Execute       source D:/Xilinx/Vivado/2018.3/common/technology/xilinx/common/virtex.gen 
Execute         source D:/Xilinx/Vivado/2018.3/common/technology/xilinx/common/xilinx.gen 
Execute           source D:/Xilinx/Vivado/2018.3/common/technology/xilinx/interface/plb46.gen 
Execute           source D:/Xilinx/Vivado/2018.3/common/technology/xilinx/interface/fsl.gen 
Execute           source D:/Xilinx/Vivado/2018.3/common/technology/xilinx/interface/axi4.gen 
Execute           source D:/Xilinx/Vivado/2018.3/common/technology/xilinx/interface/nativeAXI4.gen 
Execute             source D:/Xilinx/Vivado/2018.3/common/technology/xilinx/interface/saxilite.gen 
Execute             source D:/Xilinx/Vivado/2018.3/common/technology/xilinx/interface/maxi.gen 
Execute           source D:/Xilinx/Vivado/2018.3/common/technology/xilinx/scripts/xilinxcoregen.gen 
Execute           source D:/Xilinx/Vivado/2018.3/common/technology/xilinx/interface/XilEDKCoreGen.gen 
Execute           source D:/Xilinx/Vivado/2018.3/common/technology/xilinx/ip/dds_compiler.gen 
Execute           source D:/Xilinx/Vivado/2018.3/common/technology/xilinx/ip/util.gen 
Execute           source D:/Xilinx/Vivado/2018.3/common/technology/xilinx/ip/xfft.gen 
Execute           source D:/Xilinx/Vivado/2018.3/common/technology/xilinx/ip/xfir.gen 
Command         ap_source done; 0.106 sec.
Execute         source D:/Xilinx/Vivado/2018.3/common/technology/xilinx/common/dsp48.gen 
Command       ap_source done; 0.108 sec.
Command     ap_source done; 0.108 sec.
Execute     source D:/Xilinx/Vivado/2018.3/common/technology/xilinx/zynquplus/zynquplus_fpv7.gen 
Execute       source D:/Xilinx/Vivado/2018.3/common/technology/xilinx/common/xilinx_fpv6.gen 
INFO-FLOW: DBG:CMD:       initCTypeInfo top_module=img_filter xml_exists=1
Execute     source C:/Users/estra/Desktop/proyectos_vivado/VentanaDeslizanteHLS/solution1/.autopilot/db/img_filter.rtl_wrap.cfg.tcl 
Execute     source C:/Users/estra/Desktop/proyectos_vivado/VentanaDeslizanteHLS/solution1/.autopilot/db/img_filter.rtl_wrap.cfg.tcl 
Execute     source C:/Users/estra/Desktop/proyectos_vivado/VentanaDeslizanteHLS/solution1/.autopilot/db/img_filter.rtl_wrap.cfg.tcl 
Execute     source C:/Users/estra/Desktop/proyectos_vivado/VentanaDeslizanteHLS/solution1/.autopilot/db/img_filter.tbgen.tcl 
Execute     source C:/Users/estra/Desktop/proyectos_vivado/VentanaDeslizanteHLS/solution1/.autopilot/db/img_filter.tbgen.tcl 
INFO-FLOW: DBG:CMD:       export_impl_rtl
INFO-FLOW: DBG:CMD:       generate_ip_cores sim=0 export=0 expOnly=0 dstVlogDir=impl/.verilog
Execute     source C:/Users/estra/Desktop/proyectos_vivado/VentanaDeslizanteHLS/solution1/.autopilot/db/global.setting.tcl 
Execute     source C:/Users/estra/Desktop/proyectos_vivado/VentanaDeslizanteHLS/solution1/.autopilot/db/img_filter.compgen.tcl 
INFO-FLOW: DBG:CMD:       generate_ip_cores sim=0 export=1 expOnly=1 dstVlogDir=impl/.pcores/verilog
Execute     source C:/Users/estra/Desktop/proyectos_vivado/VentanaDeslizanteHLS/solution1/.autopilot/db/global.setting.tcl 
Execute     source C:/Users/estra/Desktop/proyectos_vivado/VentanaDeslizanteHLS/solution1/.autopilot/db/img_filter.compgen.tcl 
INFO-FLOW: DBG:CMD:       generate_ip_cores sim=0 export=0 expOnly=0 dstVlogDir=impl/.pcores/verilog_sim
Execute     source C:/Users/estra/Desktop/proyectos_vivado/VentanaDeslizanteHLS/solution1/.autopilot/db/global.setting.tcl 
Execute     source C:/Users/estra/Desktop/proyectos_vivado/VentanaDeslizanteHLS/solution1/.autopilot/db/img_filter.compgen.tcl 
Execute     source C:/Users/estra/Desktop/proyectos_vivado/VentanaDeslizanteHLS/solution1/.autopilot/db/global.setting.tcl 
Execute     source C:/Users/estra/Desktop/proyectos_vivado/VentanaDeslizanteHLS/solution1/.autopilot/db/img_filter.constraint.tcl 
Execute     source C:/Users/estra/Desktop/proyectos_vivado/VentanaDeslizanteHLS/solution1/.autopilot/db/img_filter.tbgen.tcl 
INFO-FLOW: DBG:CMD:       hasPcoreIpAdapter=false #gSsdmPorts=30
INFO-FLOW: DBG:CMD:       generate_ip_script #gSsdmPorts=30
Execute     source C:/Users/estra/Desktop/proyectos_vivado/VentanaDeslizanteHLS/solution1/.autopilot/db/img_filter.tbgen.tcl 
Execute     source C:/Users/estra/Desktop/proyectos_vivado/VentanaDeslizanteHLS/solution1/.autopilot/db/img_filter.tbgen.tcl 
Execute     source C:/Users/estra/Desktop/proyectos_vivado/VentanaDeslizanteHLS/solution1/.autopilot/db/img_filter.tbgen.tcl 
Execute     source C:/Users/estra/Desktop/proyectos_vivado/VentanaDeslizanteHLS/solution1/.autopilot/db/img_filter.tbgen.tcl 
Execute     source C:/Users/estra/Desktop/proyectos_vivado/VentanaDeslizanteHLS/solution1/.autopilot/db/img_filter.tbgen.tcl 
Execute     source C:/Users/estra/Desktop/proyectos_vivado/VentanaDeslizanteHLS/solution1/.autopilot/db/img_filter.tbgen.tcl 
Execute     source C:/Users/estra/Desktop/proyectos_vivado/VentanaDeslizanteHLS/solution1/.autopilot/db/img_filter.tbgen.tcl 
Execute     source C:/Users/estra/Desktop/proyectos_vivado/VentanaDeslizanteHLS/solution1/.autopilot/db/img_filter.tbgen.tcl 
Execute     source C:/Users/estra/Desktop/proyectos_vivado/VentanaDeslizanteHLS/solution1/.autopilot/db/global.setting.tcl 
Execute     get_config_sdx -target 
INFO-FLOW: DBG:CMD:       generate_ip_auxiliary
Execute     source C:/Users/estra/Desktop/proyectos_vivado/VentanaDeslizanteHLS/solution1/.autopilot/db/global.setting.tcl 
INFO-FLOW: DBG:CMD:       prepArgInfo -> loadAnalyze_DB top_module=img_filter
Execute     source C:/Users/estra/Desktop/proyectos_vivado/VentanaDeslizanteHLS/solution1/.autopilot/db/img_filter.rtl_wrap.cfg.tcl 
Execute     source C:/Users/estra/Desktop/proyectos_vivado/VentanaDeslizanteHLS/solution1/.autopilot/db/img_filter.rtl_wrap.cfg.tcl 
Execute     source C:/Users/estra/Desktop/proyectos_vivado/VentanaDeslizanteHLS/solution1/.autopilot/db/img_filter.rtl_wrap.cfg.tcl 
Execute     source C:/Users/estra/Desktop/proyectos_vivado/VentanaDeslizanteHLS/solution1/.autopilot/db/img_filter.tbgen.tcl 
Execute     source C:/Users/estra/Desktop/proyectos_vivado/VentanaDeslizanteHLS/solution1/.autopilot/db/img_filter.tbgen.tcl 
Execute     source C:/Users/estra/Desktop/proyectos_vivado/VentanaDeslizanteHLS/solution1/.autopilot/db/img_filter.tbgen.tcl 
INFO-FLOW: DBG:CMD:       generate_top_info
INFO-FLOW: DBG:CMD:       prepArgInfo -> loadAnalyze_DB top_module=img_filter
Execute     source C:/Users/estra/Desktop/proyectos_vivado/VentanaDeslizanteHLS/solution1/.autopilot/db/img_filter.rtl_wrap.cfg.tcl 
Execute     source C:/Users/estra/Desktop/proyectos_vivado/VentanaDeslizanteHLS/solution1/.autopilot/db/img_filter.rtl_wrap.cfg.tcl 
Execute     source C:/Users/estra/Desktop/proyectos_vivado/VentanaDeslizanteHLS/solution1/.autopilot/db/img_filter.rtl_wrap.cfg.tcl 
Execute     source C:/Users/estra/Desktop/proyectos_vivado/VentanaDeslizanteHLS/solution1/.autopilot/db/img_filter.tbgen.tcl 
Execute     source C:/Users/estra/Desktop/proyectos_vivado/VentanaDeslizanteHLS/solution1/.autopilot/db/img_filter.tbgen.tcl 
INFO-FLOW: DBG:CMD:       generate_ip_bd_script
Execute     source C:/Users/estra/Desktop/proyectos_vivado/VentanaDeslizanteHLS/solution1/.autopilot/db/img_filter.tbgen.tcl 
Execute     source C:/Users/estra/Desktop/proyectos_vivado/VentanaDeslizanteHLS/solution1/.autopilot/db/global.setting.tcl 
Execute     source C:/Users/estra/Desktop/proyectos_vivado/VentanaDeslizanteHLS/solution1/.autopilot/db/img_filter.constraint.tcl 
INFO-FLOW: DBG:CMD:       generate_ipi_example_script
INFO-FLOW: DBG:CMD:       generate_syn_sh
Execute     source C:/Users/estra/Desktop/proyectos_vivado/VentanaDeslizanteHLS/solution1/.autopilot/db/global.setting.tcl 
Execute     source C:/Users/estra/Desktop/proyectos_vivado/VentanaDeslizanteHLS/solution1/.autopilot/db/global.setting.tcl 
INFO-FLOW: DBG:CMD:       generate_imp_constraints
Execute     source C:/Users/estra/Desktop/proyectos_vivado/VentanaDeslizanteHLS/solution1/.autopilot/db/img_filter.constraint.tcl 
Execute     source C:/Users/estra/Desktop/proyectos_vivado/VentanaDeslizanteHLS/solution1/.autopilot/db/img_filter.tbgen.tcl 
Execute     source C:/Users/estra/Desktop/proyectos_vivado/VentanaDeslizanteHLS/solution1/.autopilot/db/img_filter.constraint.tcl 
Execute     source C:/Users/estra/Desktop/proyectos_vivado/VentanaDeslizanteHLS/solution1/.autopilot/db/img_filter.tbgen.tcl 
INFO-FLOW: DBG:CMD:       copy-tb-rtl-files
INFO-FLOW: DBG:CMD:       copy-tb-data-files
INFO-FLOW: DBG:CMD:       delete-temp-dirs (skipped for debug)
INFO-FLOW: DBG:CMD: read_platform_lib C:/Users/estra/Desktop/proyectos_vivado/VentanaDeslizanteHLS/solution1/.autopilot/db/global.setting.tcl
Execute     source D:/Xilinx/Vivado/2018.3/common/technology/generic/autopilot/common.gen 
Execute       source D:/Xilinx/Vivado/2018.3/common/technology/generic/autopilot/APCoreGen.gen 
Execute     source D:/Xilinx/Vivado/2018.3/common/technology/generic/autopilot/op.gen 
Execute     source D:/Xilinx/Vivado/2018.3/common/technology/generic/autopilot/op_simcore.gen 
Execute     source D:/Xilinx/Vivado/2018.3/common/technology/generic/autopilot/interface.gen 
Execute     source C:/Users/estra/Desktop/proyectos_vivado/VentanaDeslizanteHLS/solution1/.autopilot/db/global.setting.tcl 
Execute     source D:/Xilinx/Vivado/2018.3/common/technology/xilinx/zynquplus/zynquplus.gen 
Execute       source D:/Xilinx/Vivado/2018.3/common/technology/xilinx/common/virtex.gen 
Execute         source D:/Xilinx/Vivado/2018.3/common/technology/xilinx/common/xilinx.gen 
Execute           source D:/Xilinx/Vivado/2018.3/common/technology/xilinx/interface/plb46.gen 
Execute           source D:/Xilinx/Vivado/2018.3/common/technology/xilinx/interface/fsl.gen 
Execute           source D:/Xilinx/Vivado/2018.3/common/technology/xilinx/interface/axi4.gen 
Execute           source D:/Xilinx/Vivado/2018.3/common/technology/xilinx/interface/nativeAXI4.gen 
Execute             source D:/Xilinx/Vivado/2018.3/common/technology/xilinx/interface/saxilite.gen 
Execute             source D:/Xilinx/Vivado/2018.3/common/technology/xilinx/interface/maxi.gen 
Execute           source D:/Xilinx/Vivado/2018.3/common/technology/xilinx/scripts/xilinxcoregen.gen 
Execute           source D:/Xilinx/Vivado/2018.3/common/technology/xilinx/interface/XilEDKCoreGen.gen 
Execute           source D:/Xilinx/Vivado/2018.3/common/technology/xilinx/ip/dds_compiler.gen 
Execute           source D:/Xilinx/Vivado/2018.3/common/technology/xilinx/ip/util.gen 
Execute           source D:/Xilinx/Vivado/2018.3/common/technology/xilinx/ip/xfft.gen 
Execute           source D:/Xilinx/Vivado/2018.3/common/technology/xilinx/ip/xfir.gen 
Command         ap_source done; 0.111 sec.
Execute         source D:/Xilinx/Vivado/2018.3/common/technology/xilinx/common/dsp48.gen 
Command       ap_source done; 0.114 sec.
Command     ap_source done; 0.114 sec.
Execute     source D:/Xilinx/Vivado/2018.3/common/technology/xilinx/zynquplus/zynquplus_fpv7.gen 
Execute       source D:/Xilinx/Vivado/2018.3/common/technology/xilinx/common/xilinx_fpv6.gen 
INFO-FLOW: DBG:CMD:     exec C:/Users/estra/Desktop/proyectos_vivado/VentanaDeslizanteHLS/solution1/impl/ip/pack.bat
Command   export_design done; 30.892 sec.
Command ap_source done; 31.159 sec.
Execute cleanup_all 
INFO-FLOW: Workspace C:/Users/estra/Desktop/proyectos_vivado/VentanaDeslizanteHLS/solution1 opened at Sat Nov 28 11:41:34 +0100 2020
Execute     config_clock -quiet -name default -period 10 -default=false 
INFO: [SYN 201-201] Setting up clock 'default' with a period of 10ns.
Execute     open_platform DefaultPlatform 
Execute     import_lib D:/Xilinx/Vivado/2018.3/common/technology/xilinx/zynquplus/zynquplus 
Execute       source D:/Xilinx/Vivado/2018.3/common/technology/xilinx/common/xilinx.lib 
Execute         source D:/Xilinx/Vivado/2018.3/common/technology/xilinx/interface/xilinx_interface.lib 
Execute           source D:/Xilinx/Vivado/2018.3/common/technology/xilinx/interface/plb46.lib 
Execute           source D:/Xilinx/Vivado/2018.3/common/technology/xilinx/interface/fsl.lib 
Execute           source D:/Xilinx/Vivado/2018.3/common/technology/xilinx/interface/axi4.lib 
Execute           source D:/Xilinx/Vivado/2018.3/common/technology/xilinx/interface/maxi.lib 
Execute           source D:/Xilinx/Vivado/2018.3/common/technology/xilinx/interface/saxilite.lib 
Execute         source D:/Xilinx/Vivado/2018.3/common/technology/xilinx/common/dsp48.lib 
Execute         source D:/Xilinx/Vivado/2018.3/common/technology/xilinx/ip/dds_compiler.lib 
Execute         source D:/Xilinx/Vivado/2018.3/common/technology/xilinx/ip/xfft.lib 
Execute         source D:/Xilinx/Vivado/2018.3/common/technology/xilinx/ip/xfir.lib 
Execute       source D:/Xilinx/Vivado/2018.3/common/technology/xilinx/common/xilinx_old.lib 
Execute       source D:/Xilinx/Vivado/2018.3/common/technology/xilinx/common/xilinx_vivado.lib 
Execute       source D:/Xilinx/Vivado/2018.3/common/technology/xilinx/common/xilinx.hlp 
Execute         source D:/Xilinx/Vivado/2018.3/common/technology/xilinx/common/target_info.tcl 
Execute         source D:/Xilinx/Vivado/2018.3/common/technology/xilinx/interface/xilinx_interface.hlp 
Execute           source D:/Xilinx/Vivado/2018.3/common/technology/xilinx/interface/maxi.hlp 
Execute           source D:/Xilinx/Vivado/2018.3/common/technology/xilinx/interface/saxilite.hlp 
Execute         source D:/Xilinx/Vivado/2018.3/common/technology/xilinx/common/dsp48.hlp 
Execute       source D:/Xilinx/Vivado/2018.3/common/technology/xilinx/zynquplus/dsp48e2.hlp 
Execute       get_default_platform 
Execute       config_chip_info -quiet -resource  {SLICE 34260} {LUT 274080}   {FF 548160}  {DSP48E 2520}  {BRAM 1824} {URAM 0}  
Execute       config_chip_info -quiet -speed medium 
Execute       source D:/Xilinx/Vivado/2018.3/common/technology/xilinx/common/xilinx.hlp 
Execute         source D:/Xilinx/Vivado/2018.3/common/technology/xilinx/common/target_info.tcl 
Execute         source D:/Xilinx/Vivado/2018.3/common/technology/xilinx/interface/xilinx_interface.hlp 
Execute           source D:/Xilinx/Vivado/2018.3/common/technology/xilinx/interface/maxi.hlp 
Execute           source D:/Xilinx/Vivado/2018.3/common/technology/xilinx/interface/saxilite.hlp 
Execute         source D:/Xilinx/Vivado/2018.3/common/technology/xilinx/common/dsp48.hlp 
Execute     source D:/Xilinx/Vivado/2018.3/common/technology/xilinx/zynquplus/zynquplus.gen 
Execute       source D:/Xilinx/Vivado/2018.3/common/technology/xilinx/common/virtex.gen 
Execute         source D:/Xilinx/Vivado/2018.3/common/technology/xilinx/common/xilinx.gen 
Execute           source D:/Xilinx/Vivado/2018.3/common/technology/xilinx/interface/plb46.gen 
Execute           source D:/Xilinx/Vivado/2018.3/common/technology/xilinx/interface/fsl.gen 
Execute           source D:/Xilinx/Vivado/2018.3/common/technology/xilinx/interface/axi4.gen 
Execute           source D:/Xilinx/Vivado/2018.3/common/technology/xilinx/interface/nativeAXI4.gen 
Execute             source D:/Xilinx/Vivado/2018.3/common/technology/xilinx/interface/saxilite.gen 
Execute             source D:/Xilinx/Vivado/2018.3/common/technology/xilinx/interface/maxi.gen 
Execute           source D:/Xilinx/Vivado/2018.3/common/technology/xilinx/scripts/xilinxcoregen.gen 
Execute           source D:/Xilinx/Vivado/2018.3/common/technology/xilinx/interface/XilEDKCoreGen.gen 
Execute           source D:/Xilinx/Vivado/2018.3/common/technology/xilinx/ip/dds_compiler.gen 
Execute           source D:/Xilinx/Vivado/2018.3/common/technology/xilinx/ip/util.gen 
Execute           source D:/Xilinx/Vivado/2018.3/common/technology/xilinx/ip/xfft.gen 
Execute           source D:/Xilinx/Vivado/2018.3/common/technology/xilinx/ip/xfir.gen 
Command         ap_source done; 0.12 sec.
Execute         source D:/Xilinx/Vivado/2018.3/common/technology/xilinx/common/dsp48.gen 
Command       ap_source done; 0.123 sec.
Command     ap_source done; 0.123 sec.
Execute     open_platform DefaultPlatform 
Execute     import_lib D:/Xilinx/Vivado/2018.3/common/technology/xilinx/zynquplus/zynquplus_fpv7 
Execute       source D:/Xilinx/Vivado/2018.3/common/technology/xilinx/common/xilinx_fpv7.lib 
Execute         source D:/Xilinx/Vivado/2018.3/common/technology/xilinx/common/xilinx_hp.lib 
Execute       source D:/Xilinx/Vivado/2018.3/common/technology/xilinx/common/xilinx_fpv.hlp 
Execute         source D:/Xilinx/Vivado/2018.3/common/technology/xilinx/common/xilinx.hlp 
Execute           source D:/Xilinx/Vivado/2018.3/common/technology/xilinx/common/target_info.tcl 
Execute           source D:/Xilinx/Vivado/2018.3/common/technology/xilinx/interface/xilinx_interface.hlp 
Execute             source D:/Xilinx/Vivado/2018.3/common/technology/xilinx/interface/maxi.hlp 
Execute             source D:/Xilinx/Vivado/2018.3/common/technology/xilinx/interface/saxilite.hlp 
Execute           source D:/Xilinx/Vivado/2018.3/common/technology/xilinx/common/dsp48.hlp 
Execute       source D:/Xilinx/Vivado/2018.3/common/technology/xilinx/zynquplus/zynquplus_hp.hlp 
Execute     source D:/Xilinx/Vivado/2018.3/common/technology/xilinx/zynquplus/zynquplus_fpv7.gen 
Execute       source D:/Xilinx/Vivado/2018.3/common/technology/xilinx/common/xilinx_fpv6.gen 
Execute     set_part xczu3eg-sbva484-1-e 
Execute       add_library xilinx/zynquplus/zynquplus:xczu3eg:-sbva484:-1-e 
Execute         get_default_platform 
Execute         license_isbetapart xczu3eg 
Command         license_isbetapart done; error code: 1; 
Execute         get_default_platform 
Execute         config_chip_info -quiet -resource  {SLICE 8820}  {LUT 70560}    {FF 141120}  {DSP48E 360}   {BRAM 432}  {URAM 0}  
Execute         config_chip_info -quiet -speed slow 
Execute       add_library xilinx/zynquplus/zynquplus_fpv7 
Execute         get_default_platform 
INFO: [HLS 200-10] Setting target device to 'xczu3eg-sbva484-1-e'
Execute       get_default_platform 
Execute     get_default_platform 
Execute     config_chip_info -quiet -resource  {SLICE 8820}  {LUT 70560}    {FF 141120}  {DSP48E 360}   {BRAM 432}  {URAM 0}  
Execute     config_chip_info -quiet -speed slow 
Execute     config_export -format=ip_catalog 
Execute     config_export -rtl=verilog 
Command   open_solution done; 0.251 sec.
Execute   csim_design -quiet 
Execute     source C:/Users/estra/Desktop/proyectos_vivado/VentanaDeslizanteHLS/solution1/.autopilot/db/global.setting.tcl 
INFO: [SIM 211-2] *************** CSIM start ***************
INFO: [SIM 211-4] CSIM will launch GCC as the compiler.
Execute     source csim/.lst_opt.tcl 
Execute     is_encrypted C:/Users/estra/Desktop/proyectos_vivado/filtro_imagen/testbench.cpp 
Execute     is_xip C:/Users/estra/Desktop/proyectos_vivado/filtro_imagen/testbench.cpp 
Execute     is_encrypted C:/Users/estra/Desktop/proyectos_vivado/filtro_imagen/car.bmp 
Execute     is_xip C:/Users/estra/Desktop/proyectos_vivado/filtro_imagen/car.bmp 
Execute     is_encrypted C:/Users/estra/Desktop/proyectos_vivado/filtro_imagen/img_filter.h 
Execute     is_xip C:/Users/estra/Desktop/proyectos_vivado/filtro_imagen/img_filter.h 
Execute     is_encrypted C:/Users/estra/Desktop/proyectos_vivado/filtro_imagen/top.cpp 
Execute     is_xip C:/Users/estra/Desktop/proyectos_vivado/filtro_imagen/top.cpp 
Execute     get_default_platform 
Execute     source run_sim.tcl 
Command     ap_source done; 19.473 sec.
INFO: [SIM 211-1] CSim done with 0 errors.
INFO: [SIM 211-3] *************** CSIM finish ***************
Command   csim_design done; 35.155 sec.
Command ap_source done; 35.424 sec.
Execute cleanup_all 
