

================================================================
== Vivado HLS Report for 'img_filter_hw'
================================================================
* Date:           Mon Dec 28 11:16:12 2020

* Version:        2018.3 (Build 2405991 on Thu Dec 06 23:56:15 MST 2018)
* Project:        VentanaDeslizanteHLS
* Solution:       solution1
* Product family: zynquplus
* Target device:  xczu3eg-sbva484-1-e


================================================================
== Performance Estimates
================================================================
+ Timing (ns): 
    * Summary: 
    +--------+-------+----------+------------+
    |  Clock | Target| Estimated| Uncertainty|
    +--------+-------+----------+------------+
    |ap_clk  |  10.00|     6.304|        1.25|
    +--------+-------+----------+------------+

+ Latency (clock cycles): 
    * Summary: 
    +--------+--------+--------+--------+---------+
    |     Latency     |     Interval    | Pipeline|
    |   min  |   max  |   min  |   max  |   Type  |
    +--------+--------+--------+--------+---------+
    |  615999|  615999|  615999|  615999|   none  |
    +--------+--------+--------+--------+---------+

    + Detail: 
        * Instance: 
        N/A

        * Loop: 
        +----------+--------+--------+----------+-----------+-----------+------+----------+
        |          |     Latency     | Iteration|  Initiation Interval  | Trip |          |
        | Loop Name|   min  |   max  |  Latency |  achieved |   target  | Count| Pipelined|
        +----------+--------+--------+----------+-----------+-----------+------+----------+
        |- L3      |     637|     637|         1|          -|          -|   637|    no    |
        |- L1      |  615360|  615360|      1282|          -|          -|   480|    no    |
        | + L2     |    1280|    1280|         2|          -|          -|   640|    no    |
        +----------+--------+--------+----------+-----------+-----------+------+----------+



================================================================
== Utilization Estimates
================================================================
* Summary: 
+-----------------+---------+-------+--------+-------+-----+
|       Name      | BRAM_18K| DSP48E|   FF   |  LUT  | URAM|
+-----------------+---------+-------+--------+-------+-----+
|DSP              |        -|      1|       -|      -|    -|
|Expression       |        -|      -|       0|    278|    -|
|FIFO             |        2|      -|      76|    116|    -|
|Instance         |        0|      -|      36|     40|    -|
|Memory           |        -|      -|       -|      -|    -|
|Multiplexer      |        -|      -|       -|    270|    -|
|Register         |        -|      -|     245|      -|    -|
+-----------------+---------+-------+--------+-------+-----+
|Total            |        2|      1|     357|    704|    0|
+-----------------+---------+-------+--------+-------+-----+
|Available        |      432|    360|  141120|  70560|    0|
+-----------------+---------+-------+--------+-------+-----+
|Utilization (%)  |    ~0   |   ~0  |   ~0   |   ~0  |    0|
+-----------------+---------+-------+--------+-------+-----+

+ Detail: 
    * Instance: 
    +--------------------------------+------------------------------+---------+-------+----+----+
    |            Instance            |            Module            | BRAM_18K| DSP48E| FF | LUT|
    +--------------------------------+------------------------------+---------+-------+----+----+
    |img_filter_hw_AXILiteS_s_axi_U  |img_filter_hw_AXILiteS_s_axi  |        0|      0|  36|  40|
    +--------------------------------+------------------------------+---------+-------+----+----+
    |Total                           |                              |        0|      0|  36|  40|
    +--------------------------------+------------------------------+---------+-------+----+----+

    * DSP48: 
    +-------------------------+----------------------+----------------+
    |         Instance        |        Module        |   Expression   |
    +-------------------------+----------------------+----------------+
    |img_filter_hw_am_bkb_U1  |img_filter_hw_am_bkb  | i0 * (i1 + i2) |
    +-------------------------+----------------------+----------------+

    * Memory: 
    N/A

    * FIFO: 
    +------------------+---------+----+----+------+-----+---------+
    |       Name       | BRAM_18K| FF | LUT| Depth| Bits| Size:D*B|
    +------------------+---------+----+----+------+-----+---------+
    |buff1_V_V_fifo_U  |        1|  38|  58|   640|    8|     5120|
    |buff2_V_V_fifo_U  |        1|  38|  58|   640|    8|     5120|
    +------------------+---------+----+----+------+-----+---------+
    |Total             |        2|  76| 116|  1280|   16|    10240|
    +------------------+---------+----+----+------+-----+---------+

    * Expression: 
    +-------------------------------+----------+-------+---+----+------------+------------+
    |         Variable Name         | Operation| DSP48E| FF| LUT| Bitwidth P0| Bitwidth P1|
    +-------------------------------+----------+-------+---+----+------------+------------+
    |col_2_fu_323_p2                |     +    |      0|  0|  17|          10|           1|
    |col_3_fu_368_p2                |     +    |      0|  0|  17|          10|           1|
    |ret_V_4_fu_476_p2              |     +    |      0|  0|  22|          10|          10|
    |ret_V_5_fu_486_p2              |     +    |      0|  0|  22|          10|          10|
    |ret_V_fu_417_p2                |     +    |      0|  0|  16|           9|           9|
    |row_1_fu_335_p2                |     +    |      0|  0|  16|           9|           1|
    |ret_V_2_fu_452_p2              |     -    |      0|  0|  16|           9|           9|
    |ret_V_3_fu_462_p2              |     -    |      0|  0|  16|           1|           9|
    |ap_block_state4_io             |    and   |      0|  0|   2|           1|           1|
    |in_V_data_V_0_load_A           |    and   |      0|  0|   2|           1|           1|
    |in_V_data_V_0_load_B           |    and   |      0|  0|   2|           1|           1|
    |out_V_data_V_1_load_A          |    and   |      0|  0|   2|           1|           1|
    |out_V_data_V_1_load_B          |    and   |      0|  0|   2|           1|           1|
    |out_V_last_V_1_load_A          |    and   |      0|  0|   2|           1|           1|
    |out_V_last_V_1_load_B          |    and   |      0|  0|   2|           1|           1|
    |tmp_last_V_fu_553_p2           |    and   |      0|  0|   2|           1|           1|
    |icmp_fu_518_p2                 |   icmp   |      0|  0|   8|           2|           1|
    |in_V_data_V_0_state_cmp_full   |   icmp   |      0|  0|   8|           2|           1|
    |out_V_data_V_1_state_cmp_full  |   icmp   |      0|  0|   8|           2|           1|
    |out_V_last_V_1_state_cmp_full  |   icmp   |      0|  0|   8|           2|           1|
    |tmp_3_fu_547_p2                |   icmp   |      0|  0|  13|          10|          10|
    |tmp_5_fu_329_p2                |   icmp   |      0|  0|  13|           9|           7|
    |tmp_6_fu_341_p2                |   icmp   |      0|  0|  13|           9|           7|
    |tmp_7_fu_362_p2                |   icmp   |      0|  0|  13|          10|          10|
    |tmp_fu_317_p2                  |   icmp   |      0|  0|  13|          10|          10|
    |ap_block_state2                |    or    |      0|  0|   2|           1|           1|
    |ap_block_state3                |    or    |      0|  0|   2|           1|           1|
    |ap_block_state4                |    or    |      0|  0|   2|           1|           1|
    |p_s_fu_500_p3                  |  select  |      0|  0|   9|           1|           1|
    |tmp_8_fu_528_p3                |  select  |      0|  0|   8|           1|           2|
    +-------------------------------+----------+-------+---+----+------------+------------+
    |Total                          |          |      0|  0| 278|         137|         112|
    +-------------------------------+----------+-------+---+----+------------+------------+

    * Multiplexer: 
    +-------------------------+----+-----------+-----+-----------+
    |           Name          | LUT| Input Size| Bits| Total Bits|
    +-------------------------+----+-----------+-----+-----------+
    |ap_NS_fsm                |  33|          6|    1|          6|
    |buff1_V_V_din            |  15|          3|    8|         24|
    |buff2_V_V_din            |  15|          3|    8|         24|
    |col_1_reg_306            |   9|          2|   10|         20|
    |col_reg_284              |   9|          2|   10|         20|
    |in_V_data_V_0_data_out   |   9|          2|   24|         48|
    |in_V_data_V_0_state      |  15|          3|    2|          6|
    |in_V_dest_V_0_state      |  15|          3|    2|          6|
    |in_r_TDATA_blk_n         |   9|          2|    1|          2|
    |out_V_data_V_1_data_out  |   9|          2|   24|         48|
    |out_V_data_V_1_state     |  15|          3|    2|          6|
    |out_V_dest_V_1_state     |  15|          3|    2|          6|
    |out_V_id_V_1_state       |  15|          3|    2|          6|
    |out_V_keep_V_1_state     |  15|          3|    2|          6|
    |out_V_last_V_1_data_out  |   9|          2|    1|          2|
    |out_V_last_V_1_state     |  15|          3|    2|          6|
    |out_V_strb_V_1_state     |  15|          3|    2|          6|
    |out_V_user_V_1_state     |  15|          3|    2|          6|
    |out_r_TDATA_blk_n        |   9|          2|    1|          2|
    |row_reg_295              |   9|          2|    9|         18|
    +-------------------------+----+-----------+-----+-----------+
    |Total                    | 270|         55|  115|        268|
    +-------------------------+----+-----------+-----+-----------+

    * Register: 
    +--------------------------+----+----+-----+-----------+
    |           Name           | FF | LUT| Bits| Const Bits|
    +--------------------------+----+----+-----+-----------+
    |ap_CS_fsm                 |   5|   0|    5|          0|
    |col_1_reg_306             |  10|   0|   10|          0|
    |col_3_reg_692             |  10|   0|   10|          0|
    |col_reg_284               |  10|   0|   10|          0|
    |in_V_data_V_0_payload_A   |  24|   0|   24|          0|
    |in_V_data_V_0_payload_B   |  24|   0|   24|          0|
    |in_V_data_V_0_sel_rd      |   1|   0|    1|          0|
    |in_V_data_V_0_sel_wr      |   1|   0|    1|          0|
    |in_V_data_V_0_state       |   2|   0|    2|          0|
    |in_V_dest_V_0_state       |   2|   0|    2|          0|
    |out_V_data_V_1_payload_A  |  24|   0|   24|          0|
    |out_V_data_V_1_payload_B  |  24|   0|   24|          0|
    |out_V_data_V_1_sel_rd     |   1|   0|    1|          0|
    |out_V_data_V_1_sel_wr     |   1|   0|    1|          0|
    |out_V_data_V_1_state      |   2|   0|    2|          0|
    |out_V_dest_V_1_sel_rd     |   1|   0|    1|          0|
    |out_V_dest_V_1_state      |   2|   0|    2|          0|
    |out_V_id_V_1_sel_rd       |   1|   0|    1|          0|
    |out_V_id_V_1_state        |   2|   0|    2|          0|
    |out_V_keep_V_1_sel_rd     |   1|   0|    1|          0|
    |out_V_keep_V_1_state      |   2|   0|    2|          0|
    |out_V_last_V_1_payload_A  |   1|   0|    1|          0|
    |out_V_last_V_1_payload_B  |   1|   0|    1|          0|
    |out_V_last_V_1_sel_rd     |   1|   0|    1|          0|
    |out_V_last_V_1_sel_wr     |   1|   0|    1|          0|
    |out_V_last_V_1_state      |   2|   0|    2|          0|
    |out_V_strb_V_1_sel_rd     |   1|   0|    1|          0|
    |out_V_strb_V_1_state      |   2|   0|    2|          0|
    |out_V_user_V_1_sel_rd     |   1|   0|    1|          0|
    |out_V_user_V_1_state      |   2|   0|    2|          0|
    |row_1_reg_679             |   9|   0|    9|          0|
    |row_reg_295               |   9|   0|    9|          0|
    |swin_0_1_V_1_fu_184       |   8|   0|    8|          0|
    |swin_0_1_V_fu_180         |   8|   0|    8|          0|
    |swin_1_0_V_fu_192         |   8|   0|    8|          0|
    |swin_1_1_V_fu_196         |   8|   0|    8|          0|
    |swin_2_0_V_fu_204         |   8|   0|    8|          0|
    |swin_2_1_V_fu_208         |   8|   0|    8|          0|
    |tmp_6_reg_684             |   1|   0|    1|          0|
    |tmp_V_1_fu_200            |   8|   0|    8|          0|
    |tmp_V_fu_188              |   8|   0|    8|          0|
    +--------------------------+----+----+-----+-----------+
    |Total                     | 245|   0|  245|          0|
    +--------------------------+----+----+-----+-----------+



================================================================
== Interface
================================================================
* Summary: 
+------------------------+-----+-----+------------+---------------+--------------+
|        RTL Ports       | Dir | Bits|  Protocol  | Source Object |    C Type    |
+------------------------+-----+-----+------------+---------------+--------------+
|s_axi_AXILiteS_AWVALID  |  in |    1|    s_axi   |    AXILiteS   |  return void |
|s_axi_AXILiteS_AWREADY  | out |    1|    s_axi   |    AXILiteS   |  return void |
|s_axi_AXILiteS_AWADDR   |  in |    4|    s_axi   |    AXILiteS   |  return void |
|s_axi_AXILiteS_WVALID   |  in |    1|    s_axi   |    AXILiteS   |  return void |
|s_axi_AXILiteS_WREADY   | out |    1|    s_axi   |    AXILiteS   |  return void |
|s_axi_AXILiteS_WDATA    |  in |   32|    s_axi   |    AXILiteS   |  return void |
|s_axi_AXILiteS_WSTRB    |  in |    4|    s_axi   |    AXILiteS   |  return void |
|s_axi_AXILiteS_ARVALID  |  in |    1|    s_axi   |    AXILiteS   |  return void |
|s_axi_AXILiteS_ARREADY  | out |    1|    s_axi   |    AXILiteS   |  return void |
|s_axi_AXILiteS_ARADDR   |  in |    4|    s_axi   |    AXILiteS   |  return void |
|s_axi_AXILiteS_RVALID   | out |    1|    s_axi   |    AXILiteS   |  return void |
|s_axi_AXILiteS_RREADY   |  in |    1|    s_axi   |    AXILiteS   |  return void |
|s_axi_AXILiteS_RDATA    | out |   32|    s_axi   |    AXILiteS   |  return void |
|s_axi_AXILiteS_RRESP    | out |    2|    s_axi   |    AXILiteS   |  return void |
|s_axi_AXILiteS_BVALID   | out |    1|    s_axi   |    AXILiteS   |  return void |
|s_axi_AXILiteS_BREADY   |  in |    1|    s_axi   |    AXILiteS   |  return void |
|s_axi_AXILiteS_BRESP    | out |    2|    s_axi   |    AXILiteS   |  return void |
|ap_clk                  |  in |    1| ap_ctrl_hs | img_filter_hw | return value |
|ap_rst_n                |  in |    1| ap_ctrl_hs | img_filter_hw | return value |
|interrupt               | out |    1| ap_ctrl_hs | img_filter_hw | return value |
|in_r_TDATA              |  in |   24|    axis    |  in_V_data_V  |    pointer   |
|in_r_TVALID             |  in |    1|    axis    |  in_V_dest_V  |    pointer   |
|in_r_TREADY             | out |    1|    axis    |  in_V_dest_V  |    pointer   |
|in_r_TDEST              |  in |    1|    axis    |  in_V_dest_V  |    pointer   |
|in_r_TKEEP              |  in |    3|    axis    |  in_V_keep_V  |    pointer   |
|in_r_TSTRB              |  in |    3|    axis    |  in_V_strb_V  |    pointer   |
|in_r_TUSER              |  in |    1|    axis    |  in_V_user_V  |    pointer   |
|in_r_TLAST              |  in |    1|    axis    |  in_V_last_V  |    pointer   |
|in_r_TID                |  in |    1|    axis    |   in_V_id_V   |    pointer   |
|out_r_TDATA             | out |   24|    axis    |  out_V_data_V |    pointer   |
|out_r_TREADY            |  in |    1|    axis    |  out_V_data_V |    pointer   |
|out_r_TVALID            | out |    1|    axis    |  out_V_dest_V |    pointer   |
|out_r_TDEST             | out |    1|    axis    |  out_V_dest_V |    pointer   |
|out_r_TKEEP             | out |    3|    axis    |  out_V_keep_V |    pointer   |
|out_r_TSTRB             | out |    3|    axis    |  out_V_strb_V |    pointer   |
|out_r_TUSER             | out |    1|    axis    |  out_V_user_V |    pointer   |
|out_r_TLAST             | out |    1|    axis    |  out_V_last_V |    pointer   |
|out_r_TID               | out |    1|    axis    |   out_V_id_V  |    pointer   |
+------------------------+-----+-----+------------+---------------+--------------+

